<?xml version="1.0" encoding="utf-8"?>
<CoverageSession xmlns:xsd="http://www.w3.org/2001/XMLSchema" xmlns:xsi="http://www.w3.org/2001/XMLSchema-instance">
  <Summary numSequencePoints="803" visitedSequencePoints="624" numBranchPoints="263" visitedBranchPoints="187" sequenceCoverage="77.71" branchCoverage="71.10" maxCyclomaticComplexity="25" minCyclomaticComplexity="1" visitedClasses="45" numClasses="61" visitedMethods="106" numMethods="143" />
  <Modules>
    <Module skippedDueTo="Filter" hash="B2-E7-C6-75-5A-8F-45-0B-CA-A7-A6-86-F2-5E-94-26-D2-45-2F-3F">
      <ModulePath>C:\Program Files\dotnet\shared\Microsoft.NETCore.App\2.1.0\System.Private.CoreLib.dll</ModulePath>
      <ModuleTime>2018-05-15T21:03:40Z</ModuleTime>
      <ModuleName>System.Private.CoreLib</ModuleName>
      <Classes />
    </Module>
    <Module skippedDueTo="MissingPdb" hash="2B-FA-51-67-24-04-EA-9E-F0-4F-31-BC-83-93-95-5A-B6-73-00-98">
      <ModulePath>C:\Program Files\dotnet\sdk\2.1.300\dotnet.dll</ModulePath>
      <ModuleTime>2018-05-22T22:56:18Z</ModuleTime>
      <ModuleName>dotnet</ModuleName>
      <Classes />
    </Module>
    <Module skippedDueTo="Filter" hash="9F-39-BF-B3-E6-CA-45-5F-FF-EC-C9-17-D3-19-65-B0-6E-2F-17-4E">
      <ModulePath>C:\Program Files\dotnet\shared\Microsoft.NETCore.App\2.1.0\System.Runtime.dll</ModulePath>
      <ModuleTime>2018-05-15T21:03:38Z</ModuleTime>
      <ModuleName>System.Runtime</ModuleName>
      <Classes />
    </Module>
    <Module skippedDueTo="MissingPdb" hash="10-D9-5E-5F-C1-30-6D-DC-D5-57-8D-8E-D0-DC-07-D7-C0-91-30-27">
      <ModulePath>C:\Program Files\dotnet\sdk\2.1.300\Microsoft.DotNet.Cli.Utils.dll</ModulePath>
      <ModuleTime>2018-05-22T23:00:08Z</ModuleTime>
      <ModuleName>Microsoft.DotNet.Cli.Utils</ModuleName>
      <Classes />
    </Module>
    <Module skippedDueTo="MissingPdb" hash="CE-9A-28-50-C8-7A-CB-EA-AB-DB-66-61-78-38-6D-69-39-93-C5-40">
      <ModulePath>C:\Program Files\dotnet\shared\Microsoft.NETCore.App\2.1.0\netstandard.dll</ModulePath>
      <ModuleTime>2018-05-15T21:03:40Z</ModuleTime>
      <ModuleName>netstandard</ModuleName>
      <Classes />
    </Module>
    <Module skippedDueTo="Filter" hash="8D-7A-CE-FA-10-05-D7-6F-3C-AC-3E-F0-BA-01-AD-CE-0B-22-99-8B">
      <ModulePath>C:\Program Files\dotnet\shared\Microsoft.NETCore.App\2.1.0\System.Runtime.Extensions.dll</ModulePath>
      <ModuleTime>2018-05-15T21:03:38Z</ModuleTime>
      <ModuleName>System.Runtime.Extensions</ModuleName>
      <Classes />
    </Module>
    <Module skippedDueTo="Filter" hash="40-85-75-1E-6D-24-67-1C-AF-4E-3B-D9-80-9C-3F-AB-6D-60-D4-C0">
      <ModulePath>C:\Program Files\dotnet\shared\Microsoft.NETCore.App\2.1.0\System.Runtime.Loader.dll</ModulePath>
      <ModuleTime>2018-05-15T21:03:38Z</ModuleTime>
      <ModuleName>System.Runtime.Loader</ModuleName>
      <Classes />
    </Module>
    <Module skippedDueTo="MissingPdb" hash="25-FE-65-CF-8D-DE-90-81-68-78-51-35-16-D5-62-62-94-42-F1-2D">
      <ModulePath>C:\Program Files\dotnet\sdk\2.1.300\Microsoft.DotNet.PlatformAbstractions.dll</ModulePath>
      <ModuleTime>2018-05-22T23:00:08Z</ModuleTime>
      <ModuleName>Microsoft.DotNet.PlatformAbstractions</ModuleName>
      <Classes />
    </Module>
    <Module skippedDueTo="Filter" hash="BD-CE-88-18-22-8A-25-85-EF-42-FE-24-18-B9-4F-9D-F6-47-F0-A9">
      <ModulePath>C:\Program Files\dotnet\shared\Microsoft.NETCore.App\2.1.0\System.Runtime.InteropServices.RuntimeInformation.dll</ModulePath>
      <ModuleTime>2018-05-15T21:03:38Z</ModuleTime>
      <ModuleName>System.Runtime.InteropServices.RuntimeInformation</ModuleName>
      <Classes />
    </Module>
    <Module skippedDueTo="Filter" hash="7C-48-0B-B8-42-17-41-57-6D-4B-89-E5-56-89-D0-D0-8F-11-92-5B">
      <ModulePath>C:\Program Files\dotnet\shared\Microsoft.NETCore.App\2.1.0\System.Runtime.InteropServices.dll</ModulePath>
      <ModuleTime>2018-05-15T21:03:38Z</ModuleTime>
      <ModuleName>System.Runtime.InteropServices</ModuleName>
      <Classes />
    </Module>
    <Module skippedDueTo="Filter" hash="DC-82-33-86-1B-03-21-60-3C-01-E1-E1-DD-56-79-12-7A-1D-2E-21">
      <ModulePath>C:\Program Files\dotnet\shared\Microsoft.NETCore.App\2.1.0\System.Threading.dll</ModulePath>
      <ModuleTime>2018-05-15T21:03:38Z</ModuleTime>
      <ModuleName>System.Threading</ModuleName>
      <Classes />
    </Module>
    <Module skippedDueTo="Filter" hash="25-50-01-7A-06-31-FD-01-25-66-B3-FF-54-A1-13-10-BF-28-EA-43">
      <ModulePath>C:\Program Files\dotnet\shared\Microsoft.NETCore.App\2.1.0\System.IO.FileSystem.dll</ModulePath>
      <ModuleTime>2018-05-15T21:03:34Z</ModuleTime>
      <ModuleName>System.IO.FileSystem</ModuleName>
      <Classes />
    </Module>
    <Module skippedDueTo="Filter" hash="66-45-6C-B8-6E-33-46-CE-D5-9F-71-FB-DC-B0-1E-2B-68-D1-4A-7D">
      <ModulePath>C:\Program Files\dotnet\sdk\2.1.300\runtimes\win\lib\netcoreapp2.0\System.Text.Encoding.CodePages.dll</ModulePath>
      <ModuleTime>2018-05-22T22:56:18Z</ModuleTime>
      <ModuleName>System.Text.Encoding.CodePages</ModuleName>
      <Classes />
    </Module>
    <Module skippedDueTo="Filter" hash="24-71-BF-19-D6-43-AE-96-67-A7-D6-7A-23-51-8F-EA-D9-BB-9E-0B">
      <ModulePath>C:\Program Files\dotnet\shared\Microsoft.NETCore.App\2.1.0\System.Collections.dll</ModulePath>
      <ModuleTime>2018-05-15T21:03:34Z</ModuleTime>
      <ModuleName>System.Collections</ModuleName>
      <Classes />
    </Module>
    <Module skippedDueTo="Filter" hash="9E-5F-AD-60-04-57-6F-40-C1-C3-F9-E2-BC-8E-5E-64-5E-61-98-48">
      <ModulePath>C:\Program Files\dotnet\shared\Microsoft.NETCore.App\2.1.0\System.Collections.Concurrent.dll</ModulePath>
      <ModuleTime>2018-05-15T21:03:34Z</ModuleTime>
      <ModuleName>System.Collections.Concurrent</ModuleName>
      <Classes />
    </Module>
    <Module skippedDueTo="Filter" hash="D0-AD-42-F2-E9-D2-D4-94-0D-63-8C-61-4E-52-4F-0D-DA-1A-CD-6F">
      <ModulePath>C:\Program Files\dotnet\shared\Microsoft.NETCore.App\2.1.0\System.Threading.Thread.dll</ModulePath>
      <ModuleTime>2018-05-15T21:03:38Z</ModuleTime>
      <ModuleName>System.Threading.Thread</ModuleName>
      <Classes />
    </Module>
    <Module skippedDueTo="MissingPdb" hash="43-AC-B9-A0-7E-21-D1-DB-A8-42-3B-84-83-FD-34-8D-97-77-3A-87">
      <ModulePath>C:\Program Files\dotnet\sdk\2.1.300\Microsoft.DotNet.Configurer.dll</ModulePath>
      <ModuleTime>2018-05-22T23:00:08Z</ModuleTime>
      <ModuleName>Microsoft.DotNet.Configurer</ModuleName>
      <Classes />
    </Module>
    <Module skippedDueTo="MissingPdb" hash="98-6B-2F-2D-04-DB-0A-94-C1-B7-FA-63-EF-04-60-1A-1E-61-B4-43">
      <ModulePath>C:\Program Files\dotnet\sdk\2.1.300\Microsoft.DotNet.Cli.CommandLine.dll</ModulePath>
      <ModuleTime>2018-05-22T23:00:08Z</ModuleTime>
      <ModuleName>Microsoft.DotNet.Cli.CommandLine</ModuleName>
      <Classes />
    </Module>
    <Module skippedDueTo="Filter" hash="75-89-4A-9A-A6-FC-DB-A1-DD-35-84-48-C9-3B-21-8A-92-4A-92-5F">
      <ModulePath>C:\Program Files\dotnet\shared\Microsoft.NETCore.App\2.1.0\System.Diagnostics.Process.dll</ModulePath>
      <ModuleTime>2018-05-15T21:03:34Z</ModuleTime>
      <ModuleName>System.Diagnostics.Process</ModuleName>
      <Classes />
    </Module>
    <Module skippedDueTo="MissingPdb" hash="5D-42-85-92-97-CA-1E-FF-47-73-15-41-50-01-36-CD-4A-CD-55-6C">
      <ModulePath>C:\Program Files\dotnet\sdk\2.1.300\Microsoft.DotNet.InternalAbstractions.dll</ModulePath>
      <ModuleTime>2018-05-22T23:00:08Z</ModuleTime>
      <ModuleName>Microsoft.DotNet.InternalAbstractions</ModuleName>
      <Classes />
    </Module>
    <Module skippedDueTo="Filter" hash="9F-99-A9-A6-DD-81-FE-32-D3-9F-D2-E3-AD-B9-5F-98-E3-C3-D3-BD">
      <ModulePath>C:\Program Files\dotnet\shared\Microsoft.NETCore.App\2.1.0\System.Linq.dll</ModulePath>
      <ModuleTime>2018-05-15T21:03:36Z</ModuleTime>
      <ModuleName>System.Linq</ModuleName>
      <Classes />
    </Module>
    <Module skippedDueTo="MissingPdb" hash="D2-56-A4-DE-8B-E4-74-DB-2A-9D-96-42-3C-8E-47-75-8A-85-8F-DA">
      <ModulePath>C:\Program Files\dotnet\sdk\2.1.300\NuGet.Frameworks.dll</ModulePath>
      <ModuleTime>2018-05-22T23:03:40Z</ModuleTime>
      <ModuleName>NuGet.Frameworks</ModuleName>
      <Classes />
    </Module>
    <Module skippedDueTo="Filter" hash="FB-2A-22-7D-6B-48-6C-07-93-20-FE-9E-D2-85-0C-2E-DA-B6-18-C7">
      <ModulePath>C:\Program Files\dotnet\shared\Microsoft.NETCore.App\2.1.0\System.Console.dll</ModulePath>
      <ModuleTime>2018-05-15T21:03:34Z</ModuleTime>
      <ModuleName>System.Console</ModuleName>
      <Classes />
    </Module>
    <Module skippedDueTo="Filter" hash="3C-1A-D1-7D-BD-42-C9-7D-FE-CD-90-2F-00-88-4C-15-52-1E-4E-0F">
      <ModulePath>C:\Program Files\dotnet\shared\Microsoft.NETCore.App\2.1.0\System.IO.FileSystem.Primitives.dll</ModulePath>
      <ModuleTime>2018-05-15T21:03:34Z</ModuleTime>
      <ModuleName>System.IO.FileSystem.Primitives</ModuleName>
      <Classes />
    </Module>
    <Module skippedDueTo="Filter" hash="AE-68-82-F2-C5-D2-6B-96-09-C2-97-18-05-09-35-66-CE-14-B6-EC">
      <ModulePath>C:\Program Files\dotnet\shared\Microsoft.NETCore.App\2.1.0\System.AppContext.dll</ModulePath>
      <ModuleTime>2018-05-15T21:03:32Z</ModuleTime>
      <ModuleName>System.AppContext</ModuleName>
      <Classes />
    </Module>
    <Module skippedDueTo="Filter" hash="99-33-4D-CD-87-78-88-0E-F6-12-EF-CA-31-D9-97-F4-A8-D8-3D-E1">
      <ModulePath>C:\Program Files\dotnet\shared\Microsoft.NETCore.App\2.1.0\System.Memory.dll</ModulePath>
      <ModuleTime>2018-05-15T21:03:36Z</ModuleTime>
      <ModuleName>System.Memory</ModuleName>
      <Classes />
    </Module>
    <Module skippedDueTo="Filter" hash="93-AD-CD-25-C3-0E-A0-A6-7A-07-9E-D5-7A-CB-BF-3D-90-A1-F9-C5">
      <ModulePath>C:\Program Files\dotnet\shared\Microsoft.NETCore.App\2.1.0\System.IO.dll</ModulePath>
      <ModuleTime>2018-05-15T21:03:36Z</ModuleTime>
      <ModuleName>System.IO</ModuleName>
      <Classes />
    </Module>
    <Module skippedDueTo="Filter" hash="4B-C9-61-40-58-3E-0C-63-D9-7B-DD-60-9F-00-0F-85-73-7E-F7-06">
      <ModulePath>C:\Program Files\dotnet\shared\Microsoft.NETCore.App\2.1.0\System.Text.Encoding.Extensions.dll</ModulePath>
      <ModuleTime>2018-05-15T21:03:38Z</ModuleTime>
      <ModuleName>System.Text.Encoding.Extensions</ModuleName>
      <Classes />
    </Module>
    <Module skippedDueTo="MissingPdb" hash="0D-0F-7D-34-CA-A6-65-47-7B-9A-11-AC-9B-85-8D-E3-52-ED-44-21">
      <ModulePath>C:\Program Files\dotnet\sdk\2.1.300\Microsoft.ApplicationInsights.dll</ModulePath>
      <ModuleTime>2018-05-22T23:00:08Z</ModuleTime>
      <ModuleName>Microsoft.ApplicationInsights</ModuleName>
      <Classes />
    </Module>
    <Module skippedDueTo="Filter" hash="99-CC-76-16-41-8D-C7-16-82-C9-39-01-13-46-6B-62-39-B8-7E-32">
      <ModulePath>C:\Program Files\dotnet\shared\Microsoft.NETCore.App\2.1.0\System.Reflection.Extensions.dll</ModulePath>
      <ModuleTime>2018-05-15T21:03:38Z</ModuleTime>
      <ModuleName>System.Reflection.Extensions</ModuleName>
      <Classes />
    </Module>
    <Module skippedDueTo="Filter" hash="1E-3D-7F-D9-96-A2-6B-1F-8A-00-47-08-B1-B4-3D-4B-FC-82-C0-E0">
      <ModulePath>C:\Program Files\dotnet\shared\Microsoft.NETCore.App\2.1.0\System.Reflection.dll</ModulePath>
      <ModuleTime>2018-05-15T21:03:38Z</ModuleTime>
      <ModuleName>System.Reflection</ModuleName>
      <Classes />
    </Module>
    <Module skippedDueTo="Filter" hash="7B-69-F4-1E-A3-58-9E-D6-28-EB-77-F1-9D-13-F7-D8-20-E7-06-CC">
      <ModulePath>C:\Program Files\dotnet\shared\Microsoft.NETCore.App\2.1.0\System.Xml.XDocument.dll</ModulePath>
      <ModuleTime>2018-05-15T21:03:38Z</ModuleTime>
      <ModuleName>System.Xml.XDocument</ModuleName>
      <Classes />
    </Module>
    <Module skippedDueTo="Filter" hash="21-08-D5-0F-67-C7-B3-A5-F0-0B-F9-E9-57-C9-65-4E-BD-60-05-42">
      <ModulePath>C:\Program Files\dotnet\shared\Microsoft.NETCore.App\2.1.0\System.Private.Xml.Linq.dll</ModulePath>
      <ModuleTime>2018-05-15T21:03:36Z</ModuleTime>
      <ModuleName>System.Private.Xml.Linq</ModuleName>
      <Classes />
    </Module>
    <Module skippedDueTo="Filter" hash="6C-10-44-7E-EF-B7-6F-EF-94-1C-16-FA-4B-F1-3F-1A-2E-B7-36-36">
      <ModulePath>C:\Program Files\dotnet\shared\Microsoft.NETCore.App\2.1.0\System.Security.Cryptography.Algorithms.dll</ModulePath>
      <ModuleTime>2018-05-15T21:03:38Z</ModuleTime>
      <ModuleName>System.Security.Cryptography.Algorithms</ModuleName>
      <Classes />
    </Module>
    <Module skippedDueTo="Filter" hash="96-1F-A5-9A-60-99-81-FC-8E-F0-9A-6E-0B-B0-7C-FD-63-B6-C5-CD">
      <ModulePath>C:\Program Files\dotnet\shared\Microsoft.NETCore.App\2.1.0\System.Security.Cryptography.Primitives.dll</ModulePath>
      <ModuleTime>2018-05-15T21:03:38Z</ModuleTime>
      <ModuleName>System.Security.Cryptography.Primitives</ModuleName>
      <Classes />
    </Module>
    <Module skippedDueTo="Filter" hash="59-22-E0-A2-F3-0C-E7-ED-94-CC-53-3D-C8-3A-1A-1E-27-CB-A9-37">
      <ModulePath>C:\Program Files\dotnet\shared\Microsoft.NETCore.App\2.1.0\System.Private.Xml.dll</ModulePath>
      <ModuleTime>2018-05-15T21:03:36Z</ModuleTime>
      <ModuleName>System.Private.Xml</ModuleName>
      <Classes />
    </Module>
    <Module skippedDueTo="Filter" hash="A7-E9-86-00-CF-78-E5-77-89-9A-59-FD-9F-AE-61-2D-6A-36-CF-91">
      <ModulePath>C:\Program Files\dotnet\shared\Microsoft.NETCore.App\2.1.0\System.Text.RegularExpressions.dll</ModulePath>
      <ModuleTime>2018-05-15T21:03:38Z</ModuleTime>
      <ModuleName>System.Text.RegularExpressions</ModuleName>
      <Classes />
    </Module>
    <Module skippedDueTo="Filter" hash="5E-40-03-20-BE-51-A5-B8-5B-25-4F-F1-25-17-FA-A8-F7-D6-1D-75">
      <ModulePath>C:\Program Files\dotnet\shared\Microsoft.NETCore.App\2.1.0\System.Xml.ReaderWriter.dll</ModulePath>
      <ModuleTime>2018-05-15T21:03:38Z</ModuleTime>
      <ModuleName>System.Xml.ReaderWriter</ModuleName>
      <Classes />
    </Module>
    <Module skippedDueTo="Filter" hash="D8-1F-91-FC-FE-F3-18-9C-C0-64-98-06-CA-A4-4A-14-A8-D4-E1-A1">
      <ModulePath>C:\Program Files\dotnet\shared\Microsoft.NETCore.App\2.1.0\System.Diagnostics.Tracing.dll</ModulePath>
      <ModuleTime>2018-05-15T21:03:34Z</ModuleTime>
      <ModuleName>System.Diagnostics.Tracing</ModuleName>
      <Classes />
    </Module>
    <Module skippedDueTo="Filter" hash="9D-16-07-1F-E6-AE-43-F8-08-7D-77-2C-41-30-DA-C0-55-6C-5D-B8">
      <ModulePath>C:\Program Files\dotnet\shared\Microsoft.NETCore.App\2.1.0\System.Private.Uri.dll</ModulePath>
      <ModuleTime>2018-05-15T21:03:36Z</ModuleTime>
      <ModuleName>System.Private.Uri</ModuleName>
      <Classes />
    </Module>
    <Module skippedDueTo="Filter" hash="4F-1F-3B-7B-DB-07-CF-E1-A3-99-93-8D-8C-97-A1-6A-0C-41-8E-E9">
      <ModulePath>C:\Program Files\dotnet\shared\Microsoft.NETCore.App\2.1.0\System.Threading.Tasks.dll</ModulePath>
      <ModuleTime>2018-05-15T21:03:38Z</ModuleTime>
      <ModuleName>System.Threading.Tasks</ModuleName>
      <Classes />
    </Module>
    <Module skippedDueTo="Filter" hash="42-A9-56-1E-D9-D8-E5-61-4B-B5-2A-4C-CA-8E-A6-DE-FB-9F-B4-71">
      <ModulePath>C:\Program Files\dotnet\shared\Microsoft.NETCore.App\2.1.0\System.Globalization.dll</ModulePath>
      <ModuleTime>2018-05-15T21:03:34Z</ModuleTime>
      <ModuleName>System.Globalization</ModuleName>
      <Classes />
    </Module>
    <Module skippedDueTo="Filter" hash="0A-4E-6E-9A-77-64-F6-77-BF-DB-19-83-60-08-67-E6-59-D4-B5-89">
      <ModulePath>C:\Program Files\dotnet\shared\Microsoft.NETCore.App\2.1.0\System.Buffers.dll</ModulePath>
      <ModuleTime>2018-05-15T21:03:34Z</ModuleTime>
      <ModuleName>System.Buffers</ModuleName>
      <Classes />
    </Module>
    <Module skippedDueTo="Filter" hash="BB-70-F4-68-DD-92-B3-F6-FB-00-D6-D4-4C-56-CB-EF-A3-91-1B-0D">
      <ModulePath>C:\Program Files\dotnet\shared\Microsoft.NETCore.App\2.1.0\System.Reflection.Emit.ILGeneration.dll</ModulePath>
      <ModuleTime>2018-05-15T21:03:38Z</ModuleTime>
      <ModuleName>System.Reflection.Emit.ILGeneration</ModuleName>
      <Classes />
    </Module>
    <Module skippedDueTo="Filter" hash="38-CE-AE-5A-FB-25-CF-0E-7C-94-96-84-5F-7C-AD-3A-56-F4-A2-A4">
      <ModulePath>C:\Program Files\dotnet\shared\Microsoft.NETCore.App\2.1.0\System.Reflection.Emit.Lightweight.dll</ModulePath>
      <ModuleTime>2018-05-15T21:03:38Z</ModuleTime>
      <ModuleName>System.Reflection.Emit.Lightweight</ModuleName>
      <Classes />
    </Module>
    <Module skippedDueTo="Filter" hash="CC-EB-DD-C7-0A-85-19-06-8D-84-86-4E-4E-44-CF-17-AF-4A-84-68">
      <ModulePath>C:\Program Files\dotnet\shared\Microsoft.NETCore.App\2.1.0\System.Reflection.Primitives.dll</ModulePath>
      <ModuleTime>2018-05-15T21:03:38Z</ModuleTime>
      <ModuleName>System.Reflection.Primitives</ModuleName>
      <Classes />
    </Module>
    <Module skippedDueTo="Filter" hash="B1-14-2E-2B-2D-74-A8-39-95-C9-CD-C4-2D-7C-86-6D-97-7E-30-39">
      <ModulePath>C:\Program Files\dotnet\shared\Microsoft.NETCore.App\2.1.0\System.Resources.ResourceManager.dll</ModulePath>
      <ModuleTime>2018-05-15T21:03:38Z</ModuleTime>
      <ModuleName>System.Resources.ResourceManager</ModuleName>
      <Classes />
    </Module>
    <Module skippedDueTo="MissingPdb" hash="20-B2-59-8F-C7-14-4E-F0-13-BD-7E-A3-10-08-23-76-28-0E-DB-8D">
      <ModulePath>C:\Program Files\dotnet\shared\Microsoft.NETCore.App\2.1.0\Microsoft.Win32.Registry.dll</ModulePath>
      <ModuleTime>2018-05-15T21:03:32Z</ModuleTime>
      <ModuleName>Microsoft.Win32.Registry</ModuleName>
      <Classes />
    </Module>
    <Module skippedDueTo="Filter" hash="CB-39-E5-B1-B4-D2-03-F7-BD-8B-F2-1B-FF-A9-EA-6F-4B-61-93-6D">
      <ModulePath>C:\Program Files\dotnet\shared\Microsoft.NETCore.App\2.1.0\System.Diagnostics.Tools.dll</ModulePath>
      <ModuleTime>2018-05-15T21:03:34Z</ModuleTime>
      <ModuleName>System.Diagnostics.Tools</ModuleName>
      <Classes />
    </Module>
    <Module skippedDueTo="Filter" hash="20-62-97-87-EA-D6-D2-70-FB-5A-D2-29-1E-B7-32-2D-E1-23-80-FA">
      <ModulePath>C:\Program Files\dotnet\shared\Microsoft.NETCore.App\2.1.0\System.Diagnostics.Debug.dll</ModulePath>
      <ModuleTime>2018-05-15T21:03:34Z</ModuleTime>
      <ModuleName>System.Diagnostics.Debug</ModuleName>
      <Classes />
    </Module>
    <Module skippedDueTo="Filter" hash="6D-9D-C3-30-B6-80-47-63-E9-F9-98-B3-86-27-D0-F5-80-75-FE-62">
      <ModulePath>C:\Program Files\dotnet\shared\Microsoft.NETCore.App\2.1.0\System.Text.Encoding.dll</ModulePath>
      <ModuleTime>2018-05-15T21:03:38Z</ModuleTime>
      <ModuleName>System.Text.Encoding</ModuleName>
      <Classes />
    </Module>
    <Module skippedDueTo="Filter" hash="66-3E-96-27-78-BC-78-E5-7A-31-7D-F8-36-DC-98-0F-1D-42-CC-49">
      <ModulePath>C:\Program Files\dotnet\shared\Microsoft.NETCore.App\2.1.0\System.IO.Compression.dll</ModulePath>
      <ModuleTime>2018-05-15T21:03:34Z</ModuleTime>
      <ModuleName>System.IO.Compression</ModuleName>
      <Classes />
    </Module>
    <Module skippedDueTo="MissingPdb" hash="41-4A-9A-A2-E1-F8-6E-7D-B4-28-4D-C5-7A-5F-EF-78-9E-E6-46-F4">
      <ModulePath>C:\Program Files\dotnet\sdk\2.1.300\Microsoft.Build.Framework.dll</ModulePath>
      <ModuleTime>2018-05-22T23:00:08Z</ModuleTime>
      <ModuleName>Microsoft.Build.Framework</ModuleName>
      <Classes />
    </Module>
    <Module skippedDueTo="Filter" hash="F9-67-FE-2B-96-8A-EC-95-FB-27-2A-27-AA-B3-38-DC-99-35-B9-A1">
      <ModulePath>C:\Program Files\dotnet\shared\Microsoft.NETCore.App\2.1.0\System.ComponentModel.Primitives.dll</ModulePath>
      <ModuleTime>2018-05-15T21:03:34Z</ModuleTime>
      <ModuleName>System.ComponentModel.Primitives</ModuleName>
      <Classes />
    </Module>
    <Module skippedDueTo="MissingPdb" hash="0F-17-E9-42-47-D4-6C-92-50-FA-03-31-93-DC-B9-61-95-E3-80-A2">
      <ModulePath>C:\Program Files\dotnet\shared\Microsoft.NETCore.App\2.1.0\Microsoft.Win32.Primitives.dll</ModulePath>
      <ModuleTime>2018-05-15T21:03:32Z</ModuleTime>
      <ModuleName>Microsoft.Win32.Primitives</ModuleName>
      <Classes />
    </Module>
    <Module skippedDueTo="Filter" hash="66-30-70-85-91-ED-55-B3-0B-E6-B9-A6-64-9D-CC-CC-94-0A-EE-C8">
      <ModulePath>C:\Program Files\dotnet\shared\Microsoft.NETCore.App\2.1.0\System.Net.Http.dll</ModulePath>
      <ModuleTime>2018-05-15T21:03:36Z</ModuleTime>
      <ModuleName>System.Net.Http</ModuleName>
      <Classes />
    </Module>
    <Module skippedDueTo="Filter" hash="B1-C8-79-68-C3-E4-96-D6-C7-EB-75-26-AC-CE-24-90-57-2E-90-BA">
      <ModulePath>C:\Program Files\dotnet\shared\Microsoft.NETCore.App\2.1.0\System.Net.Primitives.dll</ModulePath>
      <ModuleTime>2018-05-15T21:03:36Z</ModuleTime>
      <ModuleName>System.Net.Primitives</ModuleName>
      <Classes />
    </Module>
    <Module skippedDueTo="Filter" hash="B2-E7-C6-75-5A-8F-45-0B-CA-A7-A6-86-F2-5E-94-26-D2-45-2F-3F">
      <ModulePath>C:\Program Files\dotnet\shared\Microsoft.NETCore.App\2.1.0\System.Private.CoreLib.dll</ModulePath>
      <ModuleTime>2018-05-15T21:03:40Z</ModuleTime>
      <ModuleName>System.Private.CoreLib</ModuleName>
      <Classes />
    </Module>
    <Module skippedDueTo="Filter" hash="CB-26-D8-B4-F5-C0-85-70-AA-9F-52-97-F5-68-EC-32-9B-2D-73-B3">
      <ModulePath>C:\Program Files\dotnet\shared\Microsoft.NETCore.App\2.1.0\System.Net.Security.dll</ModulePath>
      <ModuleTime>2018-05-15T21:03:36Z</ModuleTime>
      <ModuleName>System.Net.Security</ModuleName>
      <Classes />
    </Module>
    <Module skippedDueTo="Filter" hash="98-96-3F-E5-73-90-B1-DF-65-97-14-A3-21-62-18-F5-77-F5-B3-B6">
      <ModulePath>C:\Program Files\dotnet\shared\Microsoft.NETCore.App\2.1.0\System.Security.Cryptography.X509Certificates.dll</ModulePath>
      <ModuleTime>2018-05-15T21:03:38Z</ModuleTime>
      <ModuleName>System.Security.Cryptography.X509Certificates</ModuleName>
      <Classes />
    </Module>
    <Module skippedDueTo="Filter" hash="0F-DB-A7-E6-AA-F8-E5-3E-DE-54-3D-EA-49-AC-84-46-97-51-FA-C2">
      <ModulePath>C:\Program Files\dotnet\shared\Microsoft.NETCore.App\2.1.0\System.Diagnostics.DiagnosticSource.dll</ModulePath>
      <ModuleTime>2018-05-15T21:03:34Z</ModuleTime>
      <ModuleName>System.Diagnostics.DiagnosticSource</ModuleName>
      <Classes />
    </Module>
    <Module skippedDueTo="Filter" hash="C0-16-E9-9B-FF-FA-5B-79-E3-1C-03-FB-3D-CB-62-55-5D-54-B0-65">
      <ModulePath>C:\Program Files\dotnet\shared\Microsoft.NETCore.App\2.1.0\System.Collections.NonGeneric.dll</ModulePath>
      <ModuleTime>2018-05-15T21:03:34Z</ModuleTime>
      <ModuleName>System.Collections.NonGeneric</ModuleName>
      <Classes />
    </Module>
    <Module skippedDueTo="Filter" hash="83-47-75-52-B4-4C-F0-7A-DA-4F-28-C8-7A-7F-40-D2-DB-8A-36-84">
      <ModulePath>C:\Program Files\dotnet\shared\Microsoft.NETCore.App\2.1.0\System.Threading.Timer.dll</ModulePath>
      <ModuleTime>2018-05-15T21:03:38Z</ModuleTime>
      <ModuleName>System.Threading.Timer</ModuleName>
      <Classes />
    </Module>
    <Module skippedDueTo="MissingPdb" hash="0B-00-63-62-08-97-52-5E-F9-8B-EB-3C-D1-A6-54-CE-C0-73-A7-B0">
      <ModulePath>C:\Program Files\dotnet\sdk\2.1.300\MSBuild.dll</ModulePath>
      <ModuleTime>2018-05-22T23:04:42Z</ModuleTime>
      <ModuleName>MSBuild</ModuleName>
      <Classes />
    </Module>
    <Module skippedDueTo="Filter" hash="9F-39-BF-B3-E6-CA-45-5F-FF-EC-C9-17-D3-19-65-B0-6E-2F-17-4E">
      <ModulePath>C:\Program Files\dotnet\shared\Microsoft.NETCore.App\2.1.0\System.Runtime.dll</ModulePath>
      <ModuleTime>2018-05-15T21:03:38Z</ModuleTime>
      <ModuleName>System.Runtime</ModuleName>
      <Classes />
    </Module>
    <Module skippedDueTo="Filter" hash="8D-7A-CE-FA-10-05-D7-6F-3C-AC-3E-F0-BA-01-AD-CE-0B-22-99-8B">
      <ModulePath>C:\Program Files\dotnet\shared\Microsoft.NETCore.App\2.1.0\System.Runtime.Extensions.dll</ModulePath>
      <ModuleTime>2018-05-15T21:03:38Z</ModuleTime>
      <ModuleName>System.Runtime.Extensions</ModuleName>
      <Classes />
    </Module>
    <Module skippedDueTo="Filter" hash="DC-82-33-86-1B-03-21-60-3C-01-E1-E1-DD-56-79-12-7A-1D-2E-21">
      <ModulePath>C:\Program Files\dotnet\shared\Microsoft.NETCore.App\2.1.0\System.Threading.dll</ModulePath>
      <ModuleTime>2018-05-15T21:03:38Z</ModuleTime>
      <ModuleName>System.Threading</ModuleName>
      <Classes />
    </Module>
    <Module skippedDueTo="Filter" hash="0A-B2-E4-7B-B0-E9-FD-9C-A8-4F-38-C9-DE-41-06-D4-7B-D0-78-CC">
      <ModulePath>C:\Program Files\dotnet\shared\Microsoft.NETCore.App\2.1.0\System.Net.NetworkInformation.dll</ModulePath>
      <ModuleTime>2018-05-15T21:03:36Z</ModuleTime>
      <ModuleName>System.Net.NetworkInformation</ModuleName>
      <Classes />
    </Module>
    <Module skippedDueTo="Filter" hash="25-50-01-7A-06-31-FD-01-25-66-B3-FF-54-A1-13-10-BF-28-EA-43">
      <ModulePath>C:\Program Files\dotnet\shared\Microsoft.NETCore.App\2.1.0\System.IO.FileSystem.dll</ModulePath>
      <ModuleTime>2018-05-15T21:03:34Z</ModuleTime>
      <ModuleName>System.IO.FileSystem</ModuleName>
      <Classes />
    </Module>
    <Module skippedDueTo="Filter" hash="BD-CE-88-18-22-8A-25-85-EF-42-FE-24-18-B9-4F-9D-F6-47-F0-A9">
      <ModulePath>C:\Program Files\dotnet\shared\Microsoft.NETCore.App\2.1.0\System.Runtime.InteropServices.RuntimeInformation.dll</ModulePath>
      <ModuleTime>2018-05-15T21:03:38Z</ModuleTime>
      <ModuleName>System.Runtime.InteropServices.RuntimeInformation</ModuleName>
      <Classes />
    </Module>
    <Module skippedDueTo="Filter" hash="9F-99-A9-A6-DD-81-FE-32-D3-9F-D2-E3-AD-B9-5F-98-E3-C3-D3-BD">
      <ModulePath>C:\Program Files\dotnet\shared\Microsoft.NETCore.App\2.1.0\System.Linq.dll</ModulePath>
      <ModuleTime>2018-05-15T21:03:36Z</ModuleTime>
      <ModuleName>System.Linq</ModuleName>
      <Classes />
    </Module>
    <Module skippedDueTo="Filter" hash="A7-E9-86-00-CF-78-E5-77-89-9A-59-FD-9F-AE-61-2D-6A-36-CF-91">
      <ModulePath>C:\Program Files\dotnet\shared\Microsoft.NETCore.App\2.1.0\System.Text.RegularExpressions.dll</ModulePath>
      <ModuleTime>2018-05-15T21:03:38Z</ModuleTime>
      <ModuleName>System.Text.RegularExpressions</ModuleName>
      <Classes />
    </Module>
    <Module skippedDueTo="Filter" hash="24-71-BF-19-D6-43-AE-96-67-A7-D6-7A-23-51-8F-EA-D9-BB-9E-0B">
      <ModulePath>C:\Program Files\dotnet\shared\Microsoft.NETCore.App\2.1.0\System.Collections.dll</ModulePath>
      <ModuleTime>2018-05-15T21:03:34Z</ModuleTime>
      <ModuleName>System.Collections</ModuleName>
      <Classes />
    </Module>
    <Module skippedDueTo="Filter" hash="3F-BD-5F-B2-1B-D5-24-D9-56-14-4D-D5-55-71-7D-18-8E-58-FE-39">
      <ModulePath>C:\Program Files\dotnet\shared\Microsoft.NETCore.App\2.1.0\System.Net.Sockets.dll</ModulePath>
      <ModuleTime>2018-05-15T21:03:36Z</ModuleTime>
      <ModuleName>System.Net.Sockets</ModuleName>
      <Classes />
    </Module>
    <Module skippedDueTo="Filter" hash="16-06-8F-98-40-06-94-A2-59-B4-EB-EA-21-F3-79-D0-0A-AD-45-7D">
      <ModulePath>C:\Program Files\dotnet\shared\Microsoft.NETCore.App\2.1.0\System.Threading.Overlapped.dll</ModulePath>
      <ModuleTime>2018-05-15T21:03:38Z</ModuleTime>
      <ModuleName>System.Threading.Overlapped</ModuleName>
      <Classes />
    </Module>
    <Module skippedDueTo="Filter" hash="0A-4E-6E-9A-77-64-F6-77-BF-DB-19-83-60-08-67-E6-59-D4-B5-89">
      <ModulePath>C:\Program Files\dotnet\shared\Microsoft.NETCore.App\2.1.0\System.Buffers.dll</ModulePath>
      <ModuleTime>2018-05-15T21:03:34Z</ModuleTime>
      <ModuleName>System.Buffers</ModuleName>
      <Classes />
    </Module>
    <Module skippedDueTo="Filter" hash="EC-3F-C7-DD-79-2E-04-92-8D-F3-A5-60-2F-FB-16-43-DD-1B-31-10">
      <ModulePath>C:\Program Files\dotnet\shared\Microsoft.NETCore.App\2.1.0\System.Net.NameResolution.dll</ModulePath>
      <ModuleTime>2018-05-15T21:03:36Z</ModuleTime>
      <ModuleName>System.Net.NameResolution</ModuleName>
      <Classes />
    </Module>
    <Module skippedDueTo="Filter" hash="99-33-4D-CD-87-78-88-0E-F6-12-EF-CA-31-D9-97-F4-A8-D8-3D-E1">
      <ModulePath>C:\Program Files\dotnet\shared\Microsoft.NETCore.App\2.1.0\System.Memory.dll</ModulePath>
      <ModuleTime>2018-05-15T21:03:36Z</ModuleTime>
      <ModuleName>System.Memory</ModuleName>
      <Classes />
    </Module>
    <Module skippedDueTo="Filter" hash="7C-48-0B-B8-42-17-41-57-6D-4B-89-E5-56-89-D0-D0-8F-11-92-5B">
      <ModulePath>C:\Program Files\dotnet\shared\Microsoft.NETCore.App\2.1.0\System.Runtime.InteropServices.dll</ModulePath>
      <ModuleTime>2018-05-15T21:03:38Z</ModuleTime>
      <ModuleName>System.Runtime.InteropServices</ModuleName>
      <Classes />
    </Module>
    <Module skippedDueTo="Filter" hash="FB-2A-22-7D-6B-48-6C-07-93-20-FE-9E-D2-85-0C-2E-DA-B6-18-C7">
      <ModulePath>C:\Program Files\dotnet\shared\Microsoft.NETCore.App\2.1.0\System.Console.dll</ModulePath>
      <ModuleTime>2018-05-15T21:03:34Z</ModuleTime>
      <ModuleName>System.Console</ModuleName>
      <Classes />
    </Module>
    <Module skippedDueTo="Filter" hash="75-89-4A-9A-A6-FC-DB-A1-DD-35-84-48-C9-3B-21-8A-92-4A-92-5F">
      <ModulePath>C:\Program Files\dotnet\shared\Microsoft.NETCore.App\2.1.0\System.Diagnostics.Process.dll</ModulePath>
      <ModuleTime>2018-05-15T21:03:34Z</ModuleTime>
      <ModuleName>System.Diagnostics.Process</ModuleName>
      <Classes />
    </Module>
    <Module skippedDueTo="Filter" hash="F9-67-FE-2B-96-8A-EC-95-FB-27-2A-27-AA-B3-38-DC-99-35-B9-A1">
      <ModulePath>C:\Program Files\dotnet\shared\Microsoft.NETCore.App\2.1.0\System.ComponentModel.Primitives.dll</ModulePath>
      <ModuleTime>2018-05-15T21:03:34Z</ModuleTime>
      <ModuleName>System.ComponentModel.Primitives</ModuleName>
      <Classes />
    </Module>
    <Module skippedDueTo="MissingPdb" hash="41-4A-9A-A2-E1-F8-6E-7D-B4-28-4D-C5-7A-5F-EF-78-9E-E6-46-F4">
      <ModulePath>C:\Program Files\dotnet\sdk\2.1.300\Microsoft.Build.Framework.dll</ModulePath>
      <ModuleTime>2018-05-22T23:00:08Z</ModuleTime>
      <ModuleName>Microsoft.Build.Framework</ModuleName>
      <Classes />
    </Module>
    <Module skippedDueTo="MissingPdb" hash="CE-9A-28-50-C8-7A-CB-EA-AB-DB-66-61-78-38-6D-69-39-93-C5-40">
      <ModulePath>C:\Program Files\dotnet\shared\Microsoft.NETCore.App\2.1.0\netstandard.dll</ModulePath>
      <ModuleTime>2018-05-15T21:03:40Z</ModuleTime>
      <ModuleName>netstandard</ModuleName>
      <Classes />
    </Module>
    <Module skippedDueTo="Filter" hash="FE-78-53-9B-1A-13-3F-2F-ED-91-53-E1-AA-73-FA-63-EF-04-D3-99">
      <ModulePath>C:\Program Files\dotnet\shared\Microsoft.NETCore.App\2.1.0\System.Security.Principal.Windows.dll</ModulePath>
      <ModuleTime>2018-05-15T21:03:38Z</ModuleTime>
      <ModuleName>System.Security.Principal.Windows</ModuleName>
      <Classes />
    </Module>
    <Module skippedDueTo="Filter" hash="D3-0C-F6-3D-A6-F7-83-3E-1E-46-C2-F3-6F-5E-E8-35-37-73-4B-30">
      <ModulePath>C:\Program Files\dotnet\shared\Microsoft.NETCore.App\2.1.0\System.Security.Claims.dll</ModulePath>
      <ModuleTime>2018-05-15T21:03:38Z</ModuleTime>
      <ModuleName>System.Security.Claims</ModuleName>
      <Classes />
    </Module>
    <Module skippedDueTo="Filter" hash="12-B7-51-68-45-5A-41-43-72-AB-32-1D-14-F1-4B-C8-FE-3E-0C-95">
      <ModulePath>C:\Program Files\dotnet\shared\Microsoft.NETCore.App\2.1.0\System.Security.Principal.dll</ModulePath>
      <ModuleTime>2018-05-15T21:03:38Z</ModuleTime>
      <ModuleName>System.Security.Principal</ModuleName>
      <Classes />
    </Module>
    <Module skippedDueTo="Filter" hash="06-17-26-DD-65-DD-EF-6E-2E-D9-3B-5F-6B-34-E5-D7-6D-F3-F7-E0">
      <ModulePath>C:\Program Files\dotnet\shared\Microsoft.NETCore.App\2.1.0\System.Security.Cryptography.Encoding.dll</ModulePath>
      <ModuleTime>2018-05-15T21:03:38Z</ModuleTime>
      <ModuleName>System.Security.Cryptography.Encoding</ModuleName>
      <Classes />
    </Module>
    <Module skippedDueTo="MissingPdb" hash="98-42-51-D3-30-C9-87-5D-C1-EF-E3-90-DF-95-44-6C-CA-37-C8-1B">
      <ModulePath>C:\Program Files\dotnet\sdk\2.1.300\Microsoft.Build.dll</ModulePath>
      <ModuleTime>2018-05-22T23:00:20Z</ModuleTime>
      <ModuleName>Microsoft.Build</ModuleName>
      <Classes />
    </Module>
    <Module skippedDueTo="Filter" hash="66-45-6C-B8-6E-33-46-CE-D5-9F-71-FB-DC-B0-1E-2B-68-D1-4A-7D">
      <ModulePath>C:\Program Files\dotnet\sdk\2.1.300\runtimes\win\lib\netcoreapp2.0\System.Text.Encoding.CodePages.dll</ModulePath>
      <ModuleTime>2018-05-22T22:56:18Z</ModuleTime>
      <ModuleName>System.Text.Encoding.CodePages</ModuleName>
      <Classes />
    </Module>
    <Module skippedDueTo="Filter" hash="81-A4-25-B6-D3-88-DA-45-70-D0-3A-2D-05-DE-62-CD-FB-83-91-B1">
      <ModulePath>C:\Program Files\dotnet\shared\Microsoft.NETCore.App\2.1.0\System.Diagnostics.FileVersionInfo.dll</ModulePath>
      <ModuleTime>2018-05-15T21:03:34Z</ModuleTime>
      <ModuleName>System.Diagnostics.FileVersionInfo</ModuleName>
      <Classes />
    </Module>
    <Module skippedDueTo="Filter" hash="B1-14-2E-2B-2D-74-A8-39-95-C9-CD-C4-2D-7C-86-6D-97-7E-30-39">
      <ModulePath>C:\Program Files\dotnet\shared\Microsoft.NETCore.App\2.1.0\System.Resources.ResourceManager.dll</ModulePath>
      <ModuleTime>2018-05-15T21:03:38Z</ModuleTime>
      <ModuleName>System.Resources.ResourceManager</ModuleName>
      <Classes />
    </Module>
    <Module skippedDueTo="Filter" hash="90-9A-ED-47-04-2B-8A-42-2C-26-2D-AC-58-1F-41-AA-7C-AB-DA-48">
      <ModulePath>C:\Program Files\dotnet\shared\Microsoft.NETCore.App\2.1.0\System.Threading.ThreadPool.dll</ModulePath>
      <ModuleTime>2018-05-15T21:03:38Z</ModuleTime>
      <ModuleName>System.Threading.ThreadPool</ModuleName>
      <Classes />
    </Module>
    <Module skippedDueTo="Filter" hash="4B-C9-61-40-58-3E-0C-63-D9-7B-DD-60-9F-00-0F-85-73-7E-F7-06">
      <ModulePath>C:\Program Files\dotnet\shared\Microsoft.NETCore.App\2.1.0\System.Text.Encoding.Extensions.dll</ModulePath>
      <ModuleTime>2018-05-15T21:03:38Z</ModuleTime>
      <ModuleName>System.Text.Encoding.Extensions</ModuleName>
      <Classes />
    </Module>
    <Module skippedDueTo="Filter" hash="9E-5F-AD-60-04-57-6F-40-C1-C3-F9-E2-BC-8E-5E-64-5E-61-98-48">
      <ModulePath>C:\Program Files\dotnet\shared\Microsoft.NETCore.App\2.1.0\System.Collections.Concurrent.dll</ModulePath>
      <ModuleTime>2018-05-15T21:03:34Z</ModuleTime>
      <ModuleName>System.Collections.Concurrent</ModuleName>
      <Classes />
    </Module>
    <Module skippedDueTo="MissingPdb" hash="2B-FA-51-67-24-04-EA-9E-F0-4F-31-BC-83-93-95-5A-B6-73-00-98">
      <ModulePath>C:\Program Files\dotnet\sdk\2.1.300\dotnet.dll</ModulePath>
      <ModuleTime>2018-05-22T22:56:18Z</ModuleTime>
      <ModuleName>dotnet</ModuleName>
      <Classes />
    </Module>
    <Module skippedDueTo="MissingPdb" hash="24-55-3A-CA-4E-C6-90-35-58-6E-6F-30-28-3D-A3-E0-18-20-89-47">
      <ModulePath>C:\Program Files\dotnet\sdk\2.1.300\Microsoft.DotNet.Tools.MigrateCommand.dll</ModulePath>
      <ModuleTime>2018-05-22T23:00:08Z</ModuleTime>
      <ModuleName>Microsoft.DotNet.Tools.MigrateCommand</ModuleName>
      <Classes />
    </Module>
    <Module skippedDueTo="MissingPdb" hash="43-AC-B9-A0-7E-21-D1-DB-A8-42-3B-84-83-FD-34-8D-97-77-3A-87">
      <ModulePath>C:\Program Files\dotnet\sdk\2.1.300\Microsoft.DotNet.Configurer.dll</ModulePath>
      <ModuleTime>2018-05-22T23:00:08Z</ModuleTime>
      <ModuleName>Microsoft.DotNet.Configurer</ModuleName>
      <Classes />
    </Module>
    <Module skippedDueTo="MissingPdb" hash="10-D9-5E-5F-C1-30-6D-DC-D5-57-8D-8E-D0-DC-07-D7-C0-91-30-27">
      <ModulePath>C:\Program Files\dotnet\sdk\2.1.300\Microsoft.DotNet.Cli.Utils.dll</ModulePath>
      <ModuleTime>2018-05-22T23:00:08Z</ModuleTime>
      <ModuleName>Microsoft.DotNet.Cli.Utils</ModuleName>
      <Classes />
    </Module>
    <Module skippedDueTo="MissingPdb" hash="D2-56-A4-DE-8B-E4-74-DB-2A-9D-96-42-3C-8E-47-75-8A-85-8F-DA">
      <ModulePath>C:\Program Files\dotnet\sdk\2.1.300\NuGet.Frameworks.dll</ModulePath>
      <ModuleTime>2018-05-22T23:03:40Z</ModuleTime>
      <ModuleName>NuGet.Frameworks</ModuleName>
      <Classes />
    </Module>
    <Module skippedDueTo="MissingPdb" hash="5D-42-85-92-97-CA-1E-FF-47-73-15-41-50-01-36-CD-4A-CD-55-6C">
      <ModulePath>C:\Program Files\dotnet\sdk\2.1.300\Microsoft.DotNet.InternalAbstractions.dll</ModulePath>
      <ModuleTime>2018-05-22T23:00:08Z</ModuleTime>
      <ModuleName>Microsoft.DotNet.InternalAbstractions</ModuleName>
      <Classes />
    </Module>
    <Module skippedDueTo="Filter" hash="3C-1A-D1-7D-BD-42-C9-7D-FE-CD-90-2F-00-88-4C-15-52-1E-4E-0F">
      <ModulePath>C:\Program Files\dotnet\shared\Microsoft.NETCore.App\2.1.0\System.IO.FileSystem.Primitives.dll</ModulePath>
      <ModuleTime>2018-05-15T21:03:34Z</ModuleTime>
      <ModuleName>System.IO.FileSystem.Primitives</ModuleName>
      <Classes />
    </Module>
    <Module skippedDueTo="MissingPdb" hash="0D-0F-7D-34-CA-A6-65-47-7B-9A-11-AC-9B-85-8D-E3-52-ED-44-21">
      <ModulePath>C:\Program Files\dotnet\sdk\2.1.300\Microsoft.ApplicationInsights.dll</ModulePath>
      <ModuleTime>2018-05-22T23:00:08Z</ModuleTime>
      <ModuleName>Microsoft.ApplicationInsights</ModuleName>
      <Classes />
    </Module>
    <Module skippedDueTo="MissingPdb" hash="25-FE-65-CF-8D-DE-90-81-68-78-51-35-16-D5-62-62-94-42-F1-2D">
      <ModulePath>C:\Program Files\dotnet\sdk\2.1.300\Microsoft.DotNet.PlatformAbstractions.dll</ModulePath>
      <ModuleTime>2018-05-22T23:00:08Z</ModuleTime>
      <ModuleName>Microsoft.DotNet.PlatformAbstractions</ModuleName>
      <Classes />
    </Module>
    <Module skippedDueTo="Filter" hash="99-CC-76-16-41-8D-C7-16-82-C9-39-01-13-46-6B-62-39-B8-7E-32">
      <ModulePath>C:\Program Files\dotnet\shared\Microsoft.NETCore.App\2.1.0\System.Reflection.Extensions.dll</ModulePath>
      <ModuleTime>2018-05-15T21:03:38Z</ModuleTime>
      <ModuleName>System.Reflection.Extensions</ModuleName>
      <Classes />
    </Module>
    <Module skippedDueTo="Filter" hash="1E-3D-7F-D9-96-A2-6B-1F-8A-00-47-08-B1-B4-3D-4B-FC-82-C0-E0">
      <ModulePath>C:\Program Files\dotnet\shared\Microsoft.NETCore.App\2.1.0\System.Reflection.dll</ModulePath>
      <ModuleTime>2018-05-15T21:03:38Z</ModuleTime>
      <ModuleName>System.Reflection</ModuleName>
      <Classes />
    </Module>
    <Module skippedDueTo="Filter" hash="7B-69-F4-1E-A3-58-9E-D6-28-EB-77-F1-9D-13-F7-D8-20-E7-06-CC">
      <ModulePath>C:\Program Files\dotnet\shared\Microsoft.NETCore.App\2.1.0\System.Xml.XDocument.dll</ModulePath>
      <ModuleTime>2018-05-15T21:03:38Z</ModuleTime>
      <ModuleName>System.Xml.XDocument</ModuleName>
      <Classes />
    </Module>
    <Module skippedDueTo="Filter" hash="21-08-D5-0F-67-C7-B3-A5-F0-0B-F9-E9-57-C9-65-4E-BD-60-05-42">
      <ModulePath>C:\Program Files\dotnet\shared\Microsoft.NETCore.App\2.1.0\System.Private.Xml.Linq.dll</ModulePath>
      <ModuleTime>2018-05-15T21:03:36Z</ModuleTime>
      <ModuleName>System.Private.Xml.Linq</ModuleName>
      <Classes />
    </Module>
    <Module skippedDueTo="Filter" hash="59-22-E0-A2-F3-0C-E7-ED-94-CC-53-3D-C8-3A-1A-1E-27-CB-A9-37">
      <ModulePath>C:\Program Files\dotnet\shared\Microsoft.NETCore.App\2.1.0\System.Private.Xml.dll</ModulePath>
      <ModuleTime>2018-05-15T21:03:36Z</ModuleTime>
      <ModuleName>System.Private.Xml</ModuleName>
      <Classes />
    </Module>
    <Module skippedDueTo="Filter" hash="5E-40-03-20-BE-51-A5-B8-5B-25-4F-F1-25-17-FA-A8-F7-D6-1D-75">
      <ModulePath>C:\Program Files\dotnet\shared\Microsoft.NETCore.App\2.1.0\System.Xml.ReaderWriter.dll</ModulePath>
      <ModuleTime>2018-05-15T21:03:38Z</ModuleTime>
      <ModuleName>System.Xml.ReaderWriter</ModuleName>
      <Classes />
    </Module>
    <Module skippedDueTo="Filter" hash="D8-1F-91-FC-FE-F3-18-9C-C0-64-98-06-CA-A4-4A-14-A8-D4-E1-A1">
      <ModulePath>C:\Program Files\dotnet\shared\Microsoft.NETCore.App\2.1.0\System.Diagnostics.Tracing.dll</ModulePath>
      <ModuleTime>2018-05-15T21:03:34Z</ModuleTime>
      <ModuleName>System.Diagnostics.Tracing</ModuleName>
      <Classes />
    </Module>
    <Module skippedDueTo="Filter" hash="9D-16-07-1F-E6-AE-43-F8-08-7D-77-2C-41-30-DA-C0-55-6C-5D-B8">
      <ModulePath>C:\Program Files\dotnet\shared\Microsoft.NETCore.App\2.1.0\System.Private.Uri.dll</ModulePath>
      <ModuleTime>2018-05-15T21:03:36Z</ModuleTime>
      <ModuleName>System.Private.Uri</ModuleName>
      <Classes />
    </Module>
    <Module skippedDueTo="Filter" hash="4F-1F-3B-7B-DB-07-CF-E1-A3-99-93-8D-8C-97-A1-6A-0C-41-8E-E9">
      <ModulePath>C:\Program Files\dotnet\shared\Microsoft.NETCore.App\2.1.0\System.Threading.Tasks.dll</ModulePath>
      <ModuleTime>2018-05-15T21:03:38Z</ModuleTime>
      <ModuleName>System.Threading.Tasks</ModuleName>
      <Classes />
    </Module>
    <Module skippedDueTo="Filter" hash="42-A9-56-1E-D9-D8-E5-61-4B-B5-2A-4C-CA-8E-A6-DE-FB-9F-B4-71">
      <ModulePath>C:\Program Files\dotnet\shared\Microsoft.NETCore.App\2.1.0\System.Globalization.dll</ModulePath>
      <ModuleTime>2018-05-15T21:03:34Z</ModuleTime>
      <ModuleName>System.Globalization</ModuleName>
      <Classes />
    </Module>
    <Module skippedDueTo="Filter" hash="2B-15-19-D9-E6-56-DC-AC-E0-43-94-94-4C-00-47-20-93-31-C3-E5">
      <ModulePath>C:\Program Files\dotnet\shared\Microsoft.NETCore.App\2.1.0\System.Threading.Tasks.Dataflow.dll</ModulePath>
      <ModuleTime>2018-05-15T21:03:38Z</ModuleTime>
      <ModuleName>System.Threading.Tasks.Dataflow</ModuleName>
      <Classes />
    </Module>
    <Module skippedDueTo="Filter" hash="6C-10-44-7E-EF-B7-6F-EF-94-1C-16-FA-4B-F1-3F-1A-2E-B7-36-36">
      <ModulePath>C:\Program Files\dotnet\shared\Microsoft.NETCore.App\2.1.0\System.Security.Cryptography.Algorithms.dll</ModulePath>
      <ModuleTime>2018-05-15T21:03:38Z</ModuleTime>
      <ModuleName>System.Security.Cryptography.Algorithms</ModuleName>
      <Classes />
    </Module>
    <Module skippedDueTo="Filter" hash="96-1F-A5-9A-60-99-81-FC-8E-F0-9A-6E-0B-B0-7C-FD-63-B6-C5-CD">
      <ModulePath>C:\Program Files\dotnet\shared\Microsoft.NETCore.App\2.1.0\System.Security.Cryptography.Primitives.dll</ModulePath>
      <ModuleTime>2018-05-15T21:03:38Z</ModuleTime>
      <ModuleName>System.Security.Cryptography.Primitives</ModuleName>
      <Classes />
    </Module>
    <Module skippedDueTo="MissingPdb" hash="20-B2-59-8F-C7-14-4E-F0-13-BD-7E-A3-10-08-23-76-28-0E-DB-8D">
      <ModulePath>C:\Program Files\dotnet\shared\Microsoft.NETCore.App\2.1.0\Microsoft.Win32.Registry.dll</ModulePath>
      <ModuleTime>2018-05-15T21:03:32Z</ModuleTime>
      <ModuleName>Microsoft.Win32.Registry</ModuleName>
      <Classes />
    </Module>
    <Module skippedDueTo="Filter" hash="41-ED-E1-98-BB-A2-1A-69-AC-77-E0-4E-8D-36-CF-B1-5A-52-81-B9">
      <ModulePath>C:\Program Files\dotnet\shared\Microsoft.NETCore.App\2.1.0\System.ObjectModel.dll</ModulePath>
      <ModuleTime>2018-05-15T21:03:36Z</ModuleTime>
      <ModuleName>System.ObjectModel</ModuleName>
      <Classes />
    </Module>
    <Module skippedDueTo="Filter" hash="D0-AD-42-F2-E9-D2-D4-94-0D-63-8C-61-4E-52-4F-0D-DA-1A-CD-6F">
      <ModulePath>C:\Program Files\dotnet\shared\Microsoft.NETCore.App\2.1.0\System.Threading.Thread.dll</ModulePath>
      <ModuleTime>2018-05-15T21:03:38Z</ModuleTime>
      <ModuleName>System.Threading.Thread</ModuleName>
      <Classes />
    </Module>
    <Module skippedDueTo="Filter" hash="BB-70-F4-68-DD-92-B3-F6-FB-00-D6-D4-4C-56-CB-EF-A3-91-1B-0D">
      <ModulePath>C:\Program Files\dotnet\shared\Microsoft.NETCore.App\2.1.0\System.Reflection.Emit.ILGeneration.dll</ModulePath>
      <ModuleTime>2018-05-15T21:03:38Z</ModuleTime>
      <ModuleName>System.Reflection.Emit.ILGeneration</ModuleName>
      <Classes />
    </Module>
    <Module skippedDueTo="Filter" hash="38-CE-AE-5A-FB-25-CF-0E-7C-94-96-84-5F-7C-AD-3A-56-F4-A2-A4">
      <ModulePath>C:\Program Files\dotnet\shared\Microsoft.NETCore.App\2.1.0\System.Reflection.Emit.Lightweight.dll</ModulePath>
      <ModuleTime>2018-05-15T21:03:38Z</ModuleTime>
      <ModuleName>System.Reflection.Emit.Lightweight</ModuleName>
      <Classes />
    </Module>
    <Module skippedDueTo="Filter" hash="CC-EB-DD-C7-0A-85-19-06-8D-84-86-4E-4E-44-CF-17-AF-4A-84-68">
      <ModulePath>C:\Program Files\dotnet\shared\Microsoft.NETCore.App\2.1.0\System.Reflection.Primitives.dll</ModulePath>
      <ModuleTime>2018-05-15T21:03:38Z</ModuleTime>
      <ModuleName>System.Reflection.Primitives</ModuleName>
      <Classes />
    </Module>
    <Module skippedDueTo="Filter" hash="9A-D5-0C-A3-5D-58-2D-DE-6A-31-89-EE-94-D7-1F-CA-8E-4A-4A-3A">
      <ModulePath>C:\Program Files\dotnet\shared\Microsoft.NETCore.App\2.1.0\System.Diagnostics.TraceSource.dll</ModulePath>
      <ModuleTime>2018-05-15T21:03:34Z</ModuleTime>
      <ModuleName>System.Diagnostics.TraceSource</ModuleName>
      <Classes />
    </Module>
    <Module skippedDueTo="Filter" hash="0B-FA-56-19-85-6A-C4-75-4C-10-0F-DC-F8-D1-5B-9B-CD-DC-C3-F6">
      <ModulePath>C:\Program Files\dotnet\shared\Microsoft.NETCore.App\2.1.0\System.Collections.Immutable.dll</ModulePath>
      <ModuleTime>2018-05-15T21:03:34Z</ModuleTime>
      <ModuleName>System.Collections.Immutable</ModuleName>
      <Classes />
    </Module>
    <Module skippedDueTo="Filter" hash="DC-EE-C1-38-F2-18-91-33-F1-C3-BD-36-22-CF-EB-CB-64-37-AA-32">
      <ModulePath>C:\Program Files\dotnet\shared\Microsoft.NETCore.App\2.1.0\System.Threading.Tasks.Parallel.dll</ModulePath>
      <ModuleTime>2018-05-15T21:03:38Z</ModuleTime>
      <ModuleName>System.Threading.Tasks.Parallel</ModuleName>
      <Classes />
    </Module>
    <Module skippedDueTo="MissingPdb" hash="FB-DC-55-48-ED-9E-8C-F4-0E-8F-50-C4-94-E6-C5-79-7F-EF-F6-51">
      <ModulePath>C:\Program Files\dotnet\sdk\2.1.300\Microsoft.Build.Tasks.Core.dll</ModulePath>
      <ModuleTime>2018-05-22T23:00:10Z</ModuleTime>
      <ModuleName>Microsoft.Build.Tasks.Core</ModuleName>
      <Classes />
    </Module>
    <Module skippedDueTo="MissingPdb" hash="8A-24-7E-36-DC-BB-93-15-20-2B-32-6B-08-66-22-C1-4D-10-12-59">
      <ModulePath>C:\Program Files\dotnet\sdk\2.1.300\Microsoft.Build.Utilities.Core.dll</ModulePath>
      <ModuleTime>2018-05-22T23:00:08Z</ModuleTime>
      <ModuleName>Microsoft.Build.Utilities.Core</ModuleName>
      <Classes />
    </Module>
    <Module skippedDueTo="MissingPdb" hash="45-E8-37-82-07-7C-14-A6-76-78-F5-22-C0-05-EC-D7-5D-4B-94-AA">
      <ModulePath>C:\Program Files\dotnet\sdk\2.1.300\NuGet.Build.Tasks.dll</ModulePath>
      <ModuleTime>2018-05-22T23:03:50Z</ModuleTime>
      <ModuleName>NuGet.Build.Tasks</ModuleName>
      <Classes />
    </Module>
    <Module skippedDueTo="MissingPdb" hash="76-2C-1F-A8-5E-1D-6D-0A-BF-30-D7-DF-D2-DD-CE-44-DC-89-D8-AD">
      <ModulePath>C:\Program Files\dotnet\sdk\2.1.300\NuGet.Commands.dll</ModulePath>
      <ModuleTime>2018-05-22T23:04:18Z</ModuleTime>
      <ModuleName>NuGet.Commands</ModuleName>
      <Classes />
    </Module>
    <Module skippedDueTo="MissingPdb" hash="2C-A4-74-D9-53-AC-74-18-35-67-84-A6-39-4E-8C-96-9E-71-6B-DD">
      <ModulePath>C:\Program Files\dotnet\sdk\2.1.300\NuGet.Common.dll</ModulePath>
      <ModuleTime>2018-05-22T23:03:32Z</ModuleTime>
      <ModuleName>NuGet.Common</ModuleName>
      <Classes />
    </Module>
    <Module skippedDueTo="Filter" hash="C0-16-E9-9B-FF-FA-5B-79-E3-1C-03-FB-3D-CB-62-55-5D-54-B0-65">
      <ModulePath>C:\Program Files\dotnet\shared\Microsoft.NETCore.App\2.1.0\System.Collections.NonGeneric.dll</ModulePath>
      <ModuleTime>2018-05-15T21:03:34Z</ModuleTime>
      <ModuleName>System.Collections.NonGeneric</ModuleName>
      <Classes />
    </Module>
    <Module skippedDueTo="MissingPdb" hash="0F-17-E9-42-47-D4-6C-92-50-FA-03-31-93-DC-B9-61-95-E3-80-A2">
      <ModulePath>C:\Program Files\dotnet\shared\Microsoft.NETCore.App\2.1.0\Microsoft.Win32.Primitives.dll</ModulePath>
      <ModuleTime>2018-05-15T21:03:32Z</ModuleTime>
      <ModuleName>Microsoft.Win32.Primitives</ModuleName>
      <Classes />
    </Module>
    <Module skippedDueTo="Filter" hash="90-9A-ED-47-04-2B-8A-42-2C-26-2D-AC-58-1F-41-AA-7C-AB-DA-48">
      <ModulePath>C:\Program Files\dotnet\shared\Microsoft.NETCore.App\2.1.0\System.Threading.ThreadPool.dll</ModulePath>
      <ModuleTime>2018-05-15T21:03:38Z</ModuleTime>
      <ModuleName>System.Threading.ThreadPool</ModuleName>
      <Classes />
    </Module>
    <Module skippedDueTo="Filter" hash="2F-11-F8-D5-E0-AB-58-10-94-51-27-E6-DD-B3-17-15-E3-AC-0F-2D">
      <ModulePath>C:\Program Files\dotnet\shared\Microsoft.NETCore.App\2.1.0\System.IO.Pipes.dll</ModulePath>
      <ModuleTime>2018-05-15T21:03:36Z</ModuleTime>
      <ModuleName>System.IO.Pipes</ModuleName>
      <Classes />
    </Module>
    <Module skippedDueTo="Filter" hash="40-85-75-1E-6D-24-67-1C-AF-4E-3B-D9-80-9C-3F-AB-6D-60-D4-C0">
      <ModulePath>C:\Program Files\dotnet\shared\Microsoft.NETCore.App\2.1.0\System.Runtime.Loader.dll</ModulePath>
      <ModuleTime>2018-05-15T21:03:38Z</ModuleTime>
      <ModuleName>System.Runtime.Loader</ModuleName>
      <Classes />
    </Module>
    <Module skippedDueTo="Filter" hash="12-B7-51-68-45-5A-41-43-72-AB-32-1D-14-F1-4B-C8-FE-3E-0C-95">
      <ModulePath>C:\Program Files\dotnet\shared\Microsoft.NETCore.App\2.1.0\System.Security.Principal.dll</ModulePath>
      <ModuleTime>2018-05-15T21:03:38Z</ModuleTime>
      <ModuleName>System.Security.Principal</ModuleName>
      <Classes />
    </Module>
    <Module skippedDueTo="Filter" hash="16-06-8F-98-40-06-94-A2-59-B4-EB-EA-21-F3-79-D0-0A-AD-45-7D">
      <ModulePath>C:\Program Files\dotnet\shared\Microsoft.NETCore.App\2.1.0\System.Threading.Overlapped.dll</ModulePath>
      <ModuleTime>2018-05-15T21:03:38Z</ModuleTime>
      <ModuleName>System.Threading.Overlapped</ModuleName>
      <Classes />
    </Module>
    <Module skippedDueTo="MissingPdb" hash="72-0A-30-A7-22-EC-F1-8C-49-6B-B1-CA-D6-E7-A8-7F-FE-63-FD-8E">
      <ModulePath>C:\Program Files\dotnet\sdk\2.1.300\SdkResolvers\NuGet.MSBuildSdkResolver\NuGet.MSBuildSdkResolver.dll</ModulePath>
      <ModuleTime>2018-05-22T23:04:32Z</ModuleTime>
      <ModuleName>NuGet.MSBuildSdkResolver</ModuleName>
      <Classes />
    </Module>
    <Module skippedDueTo="Filter" hash="B2-E7-C6-75-5A-8F-45-0B-CA-A7-A6-86-F2-5E-94-26-D2-45-2F-3F">
      <ModulePath>C:\Program Files\dotnet\shared\Microsoft.NETCore.App\2.1.0\System.Private.CoreLib.dll</ModulePath>
      <ModuleTime>2018-05-15T21:03:40Z</ModuleTime>
      <ModuleName>System.Private.CoreLib</ModuleName>
      <Classes />
    </Module>
    <Module skippedDueTo="MissingPdb" hash="0B-00-63-62-08-97-52-5E-F9-8B-EB-3C-D1-A6-54-CE-C0-73-A7-B0">
      <ModulePath>C:\Program Files\dotnet\sdk\2.1.300\MSBuild.dll</ModulePath>
      <ModuleTime>2018-05-22T23:04:42Z</ModuleTime>
      <ModuleName>MSBuild</ModuleName>
      <Classes />
    </Module>
    <Module skippedDueTo="Filter" hash="9F-39-BF-B3-E6-CA-45-5F-FF-EC-C9-17-D3-19-65-B0-6E-2F-17-4E">
      <ModulePath>C:\Program Files\dotnet\shared\Microsoft.NETCore.App\2.1.0\System.Runtime.dll</ModulePath>
      <ModuleTime>2018-05-15T21:03:38Z</ModuleTime>
      <ModuleName>System.Runtime</ModuleName>
      <Classes />
    </Module>
    <Module skippedDueTo="Filter" hash="8D-7A-CE-FA-10-05-D7-6F-3C-AC-3E-F0-BA-01-AD-CE-0B-22-99-8B">
      <ModulePath>C:\Program Files\dotnet\shared\Microsoft.NETCore.App\2.1.0\System.Runtime.Extensions.dll</ModulePath>
      <ModuleTime>2018-05-15T21:03:38Z</ModuleTime>
      <ModuleName>System.Runtime.Extensions</ModuleName>
      <Classes />
    </Module>
    <Module skippedDueTo="Filter" hash="DC-82-33-86-1B-03-21-60-3C-01-E1-E1-DD-56-79-12-7A-1D-2E-21">
      <ModulePath>C:\Program Files\dotnet\shared\Microsoft.NETCore.App\2.1.0\System.Threading.dll</ModulePath>
      <ModuleTime>2018-05-15T21:03:38Z</ModuleTime>
      <ModuleName>System.Threading</ModuleName>
      <Classes />
    </Module>
    <Module skippedDueTo="Filter" hash="25-50-01-7A-06-31-FD-01-25-66-B3-FF-54-A1-13-10-BF-28-EA-43">
      <ModulePath>C:\Program Files\dotnet\shared\Microsoft.NETCore.App\2.1.0\System.IO.FileSystem.dll</ModulePath>
      <ModuleTime>2018-05-15T21:03:34Z</ModuleTime>
      <ModuleName>System.IO.FileSystem</ModuleName>
      <Classes />
    </Module>
    <Module skippedDueTo="Filter" hash="BD-CE-88-18-22-8A-25-85-EF-42-FE-24-18-B9-4F-9D-F6-47-F0-A9">
      <ModulePath>C:\Program Files\dotnet\shared\Microsoft.NETCore.App\2.1.0\System.Runtime.InteropServices.RuntimeInformation.dll</ModulePath>
      <ModuleTime>2018-05-15T21:03:38Z</ModuleTime>
      <ModuleName>System.Runtime.InteropServices.RuntimeInformation</ModuleName>
      <Classes />
    </Module>
    <Module skippedDueTo="Filter" hash="9F-99-A9-A6-DD-81-FE-32-D3-9F-D2-E3-AD-B9-5F-98-E3-C3-D3-BD">
      <ModulePath>C:\Program Files\dotnet\shared\Microsoft.NETCore.App\2.1.0\System.Linq.dll</ModulePath>
      <ModuleTime>2018-05-15T21:03:36Z</ModuleTime>
      <ModuleName>System.Linq</ModuleName>
      <Classes />
    </Module>
    <Module skippedDueTo="Filter" hash="A7-E9-86-00-CF-78-E5-77-89-9A-59-FD-9F-AE-61-2D-6A-36-CF-91">
      <ModulePath>C:\Program Files\dotnet\shared\Microsoft.NETCore.App\2.1.0\System.Text.RegularExpressions.dll</ModulePath>
      <ModuleTime>2018-05-15T21:03:38Z</ModuleTime>
      <ModuleName>System.Text.RegularExpressions</ModuleName>
      <Classes />
    </Module>
    <Module skippedDueTo="Filter" hash="24-71-BF-19-D6-43-AE-96-67-A7-D6-7A-23-51-8F-EA-D9-BB-9E-0B">
      <ModulePath>C:\Program Files\dotnet\shared\Microsoft.NETCore.App\2.1.0\System.Collections.dll</ModulePath>
      <ModuleTime>2018-05-15T21:03:34Z</ModuleTime>
      <ModuleName>System.Collections</ModuleName>
      <Classes />
    </Module>
    <Module skippedDueTo="Filter" hash="0A-4E-6E-9A-77-64-F6-77-BF-DB-19-83-60-08-67-E6-59-D4-B5-89">
      <ModulePath>C:\Program Files\dotnet\shared\Microsoft.NETCore.App\2.1.0\System.Buffers.dll</ModulePath>
      <ModuleTime>2018-05-15T21:03:34Z</ModuleTime>
      <ModuleName>System.Buffers</ModuleName>
      <Classes />
    </Module>
    <Module skippedDueTo="Filter" hash="99-33-4D-CD-87-78-88-0E-F6-12-EF-CA-31-D9-97-F4-A8-D8-3D-E1">
      <ModulePath>C:\Program Files\dotnet\shared\Microsoft.NETCore.App\2.1.0\System.Memory.dll</ModulePath>
      <ModuleTime>2018-05-15T21:03:36Z</ModuleTime>
      <ModuleName>System.Memory</ModuleName>
      <Classes />
    </Module>
    <Module skippedDueTo="Filter" hash="7C-48-0B-B8-42-17-41-57-6D-4B-89-E5-56-89-D0-D0-8F-11-92-5B">
      <ModulePath>C:\Program Files\dotnet\shared\Microsoft.NETCore.App\2.1.0\System.Runtime.InteropServices.dll</ModulePath>
      <ModuleTime>2018-05-15T21:03:38Z</ModuleTime>
      <ModuleName>System.Runtime.InteropServices</ModuleName>
      <Classes />
    </Module>
    <Module skippedDueTo="Filter" hash="FB-2A-22-7D-6B-48-6C-07-93-20-FE-9E-D2-85-0C-2E-DA-B6-18-C7">
      <ModulePath>C:\Program Files\dotnet\shared\Microsoft.NETCore.App\2.1.0\System.Console.dll</ModulePath>
      <ModuleTime>2018-05-15T21:03:34Z</ModuleTime>
      <ModuleName>System.Console</ModuleName>
      <Classes />
    </Module>
    <Module skippedDueTo="Filter" hash="75-89-4A-9A-A6-FC-DB-A1-DD-35-84-48-C9-3B-21-8A-92-4A-92-5F">
      <ModulePath>C:\Program Files\dotnet\shared\Microsoft.NETCore.App\2.1.0\System.Diagnostics.Process.dll</ModulePath>
      <ModuleTime>2018-05-15T21:03:34Z</ModuleTime>
      <ModuleName>System.Diagnostics.Process</ModuleName>
      <Classes />
    </Module>
    <Module skippedDueTo="Filter" hash="F9-67-FE-2B-96-8A-EC-95-FB-27-2A-27-AA-B3-38-DC-99-35-B9-A1">
      <ModulePath>C:\Program Files\dotnet\shared\Microsoft.NETCore.App\2.1.0\System.ComponentModel.Primitives.dll</ModulePath>
      <ModuleTime>2018-05-15T21:03:34Z</ModuleTime>
      <ModuleName>System.ComponentModel.Primitives</ModuleName>
      <Classes />
    </Module>
    <Module skippedDueTo="MissingPdb" hash="41-4A-9A-A2-E1-F8-6E-7D-B4-28-4D-C5-7A-5F-EF-78-9E-E6-46-F4">
      <ModulePath>C:\Program Files\dotnet\sdk\2.1.300\Microsoft.Build.Framework.dll</ModulePath>
      <ModuleTime>2018-05-22T23:00:08Z</ModuleTime>
      <ModuleName>Microsoft.Build.Framework</ModuleName>
      <Classes />
    </Module>
    <Module skippedDueTo="MissingPdb" hash="CE-9A-28-50-C8-7A-CB-EA-AB-DB-66-61-78-38-6D-69-39-93-C5-40">
      <ModulePath>C:\Program Files\dotnet\shared\Microsoft.NETCore.App\2.1.0\netstandard.dll</ModulePath>
      <ModuleTime>2018-05-15T21:03:40Z</ModuleTime>
      <ModuleName>netstandard</ModuleName>
      <Classes />
    </Module>
    <Module skippedDueTo="MissingPdb" hash="98-42-51-D3-30-C9-87-5D-C1-EF-E3-90-DF-95-44-6C-CA-37-C8-1B">
      <ModulePath>C:\Program Files\dotnet\sdk\2.1.300\Microsoft.Build.dll</ModulePath>
      <ModuleTime>2018-05-22T23:00:20Z</ModuleTime>
      <ModuleName>Microsoft.Build</ModuleName>
      <Classes />
    </Module>
    <Module skippedDueTo="Filter" hash="66-45-6C-B8-6E-33-46-CE-D5-9F-71-FB-DC-B0-1E-2B-68-D1-4A-7D">
      <ModulePath>C:\Program Files\dotnet\sdk\2.1.300\runtimes\win\lib\netcoreapp2.0\System.Text.Encoding.CodePages.dll</ModulePath>
      <ModuleTime>2018-05-22T22:56:18Z</ModuleTime>
      <ModuleName>System.Text.Encoding.CodePages</ModuleName>
      <Classes />
    </Module>
    <Module skippedDueTo="Filter" hash="9E-5F-AD-60-04-57-6F-40-C1-C3-F9-E2-BC-8E-5E-64-5E-61-98-48">
      <ModulePath>C:\Program Files\dotnet\shared\Microsoft.NETCore.App\2.1.0\System.Collections.Concurrent.dll</ModulePath>
      <ModuleTime>2018-05-15T21:03:34Z</ModuleTime>
      <ModuleName>System.Collections.Concurrent</ModuleName>
      <Classes />
    </Module>
    <Module skippedDueTo="Filter" hash="2F-11-F8-D5-E0-AB-58-10-94-51-27-E6-DD-B3-17-15-E3-AC-0F-2D">
      <ModulePath>C:\Program Files\dotnet\shared\Microsoft.NETCore.App\2.1.0\System.IO.Pipes.dll</ModulePath>
      <ModuleTime>2018-05-15T21:03:36Z</ModuleTime>
      <ModuleName>System.IO.Pipes</ModuleName>
      <Classes />
    </Module>
    <Module skippedDueTo="Filter" hash="4B-C9-61-40-58-3E-0C-63-D9-7B-DD-60-9F-00-0F-85-73-7E-F7-06">
      <ModulePath>C:\Program Files\dotnet\shared\Microsoft.NETCore.App\2.1.0\System.Text.Encoding.Extensions.dll</ModulePath>
      <ModuleTime>2018-05-15T21:03:38Z</ModuleTime>
      <ModuleName>System.Text.Encoding.Extensions</ModuleName>
      <Classes />
    </Module>
    <Module skippedDueTo="Filter" hash="4D-3B-78-35-B5-9F-C7-B1-D7-A9-36-5D-11-38-17-02-11-F8-23-B6">
      <ModulePath>C:\Program Files\dotnet\shared\Microsoft.NETCore.App\2.1.0\System.Security.AccessControl.dll</ModulePath>
      <ModuleTime>2018-05-15T21:03:38Z</ModuleTime>
      <ModuleName>System.Security.AccessControl</ModuleName>
      <Classes />
    </Module>
    <Module skippedDueTo="Filter" hash="FE-78-53-9B-1A-13-3F-2F-ED-91-53-E1-AA-73-FA-63-EF-04-D3-99">
      <ModulePath>C:\Program Files\dotnet\shared\Microsoft.NETCore.App\2.1.0\System.Security.Principal.Windows.dll</ModulePath>
      <ModuleTime>2018-05-15T21:03:38Z</ModuleTime>
      <ModuleName>System.Security.Principal.Windows</ModuleName>
      <Classes />
    </Module>
    <Module skippedDueTo="Filter" hash="D3-0C-F6-3D-A6-F7-83-3E-1E-46-C2-F3-6F-5E-E8-35-37-73-4B-30">
      <ModulePath>C:\Program Files\dotnet\shared\Microsoft.NETCore.App\2.1.0\System.Security.Claims.dll</ModulePath>
      <ModuleTime>2018-05-15T21:03:38Z</ModuleTime>
      <ModuleName>System.Security.Claims</ModuleName>
      <Classes />
    </Module>
    <Module skippedDueTo="Filter" hash="12-B7-51-68-45-5A-41-43-72-AB-32-1D-14-F1-4B-C8-FE-3E-0C-95">
      <ModulePath>C:\Program Files\dotnet\shared\Microsoft.NETCore.App\2.1.0\System.Security.Principal.dll</ModulePath>
      <ModuleTime>2018-05-15T21:03:38Z</ModuleTime>
      <ModuleName>System.Security.Principal</ModuleName>
      <Classes />
    </Module>
    <Module skippedDueTo="Filter" hash="16-06-8F-98-40-06-94-A2-59-B4-EB-EA-21-F3-79-D0-0A-AD-45-7D">
      <ModulePath>C:\Program Files\dotnet\shared\Microsoft.NETCore.App\2.1.0\System.Threading.Overlapped.dll</ModulePath>
      <ModuleTime>2018-05-15T21:03:38Z</ModuleTime>
      <ModuleName>System.Threading.Overlapped</ModuleName>
      <Classes />
    </Module>
    <Module skippedDueTo="Filter" hash="4D-3B-78-35-B5-9F-C7-B1-D7-A9-36-5D-11-38-17-02-11-F8-23-B6">
      <ModulePath>C:\Program Files\dotnet\shared\Microsoft.NETCore.App\2.1.0\System.Security.AccessControl.dll</ModulePath>
      <ModuleTime>2018-05-15T21:03:38Z</ModuleTime>
      <ModuleName>System.Security.AccessControl</ModuleName>
      <Classes />
    </Module>
    <Module skippedDueTo="Filter" hash="D0-AD-42-F2-E9-D2-D4-94-0D-63-8C-61-4E-52-4F-0D-DA-1A-CD-6F">
      <ModulePath>C:\Program Files\dotnet\shared\Microsoft.NETCore.App\2.1.0\System.Threading.Thread.dll</ModulePath>
      <ModuleTime>2018-05-15T21:03:38Z</ModuleTime>
      <ModuleName>System.Threading.Thread</ModuleName>
      <Classes />
    </Module>
    <Module skippedDueTo="Filter" hash="FE-78-53-9B-1A-13-3F-2F-ED-91-53-E1-AA-73-FA-63-EF-04-D3-99">
      <ModulePath>C:\Program Files\dotnet\shared\Microsoft.NETCore.App\2.1.0\System.Security.Principal.Windows.dll</ModulePath>
      <ModuleTime>2018-05-15T21:03:38Z</ModuleTime>
      <ModuleName>System.Security.Principal.Windows</ModuleName>
      <Classes />
    </Module>
    <Module skippedDueTo="Filter" hash="D3-0C-F6-3D-A6-F7-83-3E-1E-46-C2-F3-6F-5E-E8-35-37-73-4B-30">
      <ModulePath>C:\Program Files\dotnet\shared\Microsoft.NETCore.App\2.1.0\System.Security.Claims.dll</ModulePath>
      <ModuleTime>2018-05-15T21:03:38Z</ModuleTime>
      <ModuleName>System.Security.Claims</ModuleName>
      <Classes />
    </Module>
    <Module skippedDueTo="Filter" hash="4F-1F-3B-7B-DB-07-CF-E1-A3-99-93-8D-8C-97-A1-6A-0C-41-8E-E9">
      <ModulePath>C:\Program Files\dotnet\shared\Microsoft.NETCore.App\2.1.0\System.Threading.Tasks.dll</ModulePath>
      <ModuleTime>2018-05-15T21:03:38Z</ModuleTime>
      <ModuleName>System.Threading.Tasks</ModuleName>
      <Classes />
    </Module>
    <Module skippedDueTo="Filter" hash="41-ED-E1-98-BB-A2-1A-69-AC-77-E0-4E-8D-36-CF-B1-5A-52-81-B9">
      <ModulePath>C:\Program Files\dotnet\shared\Microsoft.NETCore.App\2.1.0\System.ObjectModel.dll</ModulePath>
      <ModuleTime>2018-05-15T21:03:36Z</ModuleTime>
      <ModuleName>System.ObjectModel</ModuleName>
      <Classes />
    </Module>
    <Module skippedDueTo="Filter" hash="2B-15-19-D9-E6-56-DC-AC-E0-43-94-94-4C-00-47-20-93-31-C3-E5">
      <ModulePath>C:\Program Files\dotnet\shared\Microsoft.NETCore.App\2.1.0\System.Threading.Tasks.Dataflow.dll</ModulePath>
      <ModuleTime>2018-05-15T21:03:38Z</ModuleTime>
      <ModuleName>System.Threading.Tasks.Dataflow</ModuleName>
      <Classes />
    </Module>
    <Module skippedDueTo="Filter" hash="D8-1F-91-FC-FE-F3-18-9C-C0-64-98-06-CA-A4-4A-14-A8-D4-E1-A1">
      <ModulePath>C:\Program Files\dotnet\shared\Microsoft.NETCore.App\2.1.0\System.Diagnostics.Tracing.dll</ModulePath>
      <ModuleTime>2018-05-15T21:03:34Z</ModuleTime>
      <ModuleName>System.Diagnostics.Tracing</ModuleName>
      <Classes />
    </Module>
    <Module skippedDueTo="MissingPdb" hash="2B-FA-51-67-24-04-EA-9E-F0-4F-31-BC-83-93-95-5A-B6-73-00-98">
      <ModulePath>C:\Program Files\dotnet\sdk\2.1.300\dotnet.dll</ModulePath>
      <ModuleTime>2018-05-22T22:56:18Z</ModuleTime>
      <ModuleName>dotnet</ModuleName>
      <Classes />
    </Module>
    <Module skippedDueTo="MissingPdb" hash="24-55-3A-CA-4E-C6-90-35-58-6E-6F-30-28-3D-A3-E0-18-20-89-47">
      <ModulePath>C:\Program Files\dotnet\sdk\2.1.300\Microsoft.DotNet.Tools.MigrateCommand.dll</ModulePath>
      <ModuleTime>2018-05-22T23:00:08Z</ModuleTime>
      <ModuleName>Microsoft.DotNet.Tools.MigrateCommand</ModuleName>
      <Classes />
    </Module>
    <Module skippedDueTo="MissingPdb" hash="43-AC-B9-A0-7E-21-D1-DB-A8-42-3B-84-83-FD-34-8D-97-77-3A-87">
      <ModulePath>C:\Program Files\dotnet\sdk\2.1.300\Microsoft.DotNet.Configurer.dll</ModulePath>
      <ModuleTime>2018-05-22T23:00:08Z</ModuleTime>
      <ModuleName>Microsoft.DotNet.Configurer</ModuleName>
      <Classes />
    </Module>
    <Module skippedDueTo="MissingPdb" hash="10-D9-5E-5F-C1-30-6D-DC-D5-57-8D-8E-D0-DC-07-D7-C0-91-30-27">
      <ModulePath>C:\Program Files\dotnet\sdk\2.1.300\Microsoft.DotNet.Cli.Utils.dll</ModulePath>
      <ModuleTime>2018-05-22T23:00:08Z</ModuleTime>
      <ModuleName>Microsoft.DotNet.Cli.Utils</ModuleName>
      <Classes />
    </Module>
    <Module skippedDueTo="MissingPdb" hash="D2-56-A4-DE-8B-E4-74-DB-2A-9D-96-42-3C-8E-47-75-8A-85-8F-DA">
      <ModulePath>C:\Program Files\dotnet\sdk\2.1.300\NuGet.Frameworks.dll</ModulePath>
      <ModuleTime>2018-05-22T23:03:40Z</ModuleTime>
      <ModuleName>NuGet.Frameworks</ModuleName>
      <Classes />
    </Module>
    <Module skippedDueTo="Filter" hash="B1-14-2E-2B-2D-74-A8-39-95-C9-CD-C4-2D-7C-86-6D-97-7E-30-39">
      <ModulePath>C:\Program Files\dotnet\shared\Microsoft.NETCore.App\2.1.0\System.Resources.ResourceManager.dll</ModulePath>
      <ModuleTime>2018-05-15T21:03:38Z</ModuleTime>
      <ModuleName>System.Resources.ResourceManager</ModuleName>
      <Classes />
    </Module>
    <Module skippedDueTo="Filter" hash="5E-40-03-20-BE-51-A5-B8-5B-25-4F-F1-25-17-FA-A8-F7-D6-1D-75">
      <ModulePath>C:\Program Files\dotnet\shared\Microsoft.NETCore.App\2.1.0\System.Xml.ReaderWriter.dll</ModulePath>
      <ModuleTime>2018-05-15T21:03:38Z</ModuleTime>
      <ModuleName>System.Xml.ReaderWriter</ModuleName>
      <Classes />
    </Module>
    <Module skippedDueTo="Filter" hash="59-22-E0-A2-F3-0C-E7-ED-94-CC-53-3D-C8-3A-1A-1E-27-CB-A9-37">
      <ModulePath>C:\Program Files\dotnet\shared\Microsoft.NETCore.App\2.1.0\System.Private.Xml.dll</ModulePath>
      <ModuleTime>2018-05-15T21:03:36Z</ModuleTime>
      <ModuleName>System.Private.Xml</ModuleName>
      <Classes />
    </Module>
    <Module skippedDueTo="Filter" hash="6C-10-44-7E-EF-B7-6F-EF-94-1C-16-FA-4B-F1-3F-1A-2E-B7-36-36">
      <ModulePath>C:\Program Files\dotnet\shared\Microsoft.NETCore.App\2.1.0\System.Security.Cryptography.Algorithms.dll</ModulePath>
      <ModuleTime>2018-05-15T21:03:38Z</ModuleTime>
      <ModuleName>System.Security.Cryptography.Algorithms</ModuleName>
      <Classes />
    </Module>
    <Module skippedDueTo="Filter" hash="9D-16-07-1F-E6-AE-43-F8-08-7D-77-2C-41-30-DA-C0-55-6C-5D-B8">
      <ModulePath>C:\Program Files\dotnet\shared\Microsoft.NETCore.App\2.1.0\System.Private.Uri.dll</ModulePath>
      <ModuleTime>2018-05-15T21:03:36Z</ModuleTime>
      <ModuleName>System.Private.Uri</ModuleName>
      <Classes />
    </Module>
    <Module skippedDueTo="Filter" hash="9A-D5-0C-A3-5D-58-2D-DE-6A-31-89-EE-94-D7-1F-CA-8E-4A-4A-3A">
      <ModulePath>C:\Program Files\dotnet\shared\Microsoft.NETCore.App\2.1.0\System.Diagnostics.TraceSource.dll</ModulePath>
      <ModuleTime>2018-05-15T21:03:34Z</ModuleTime>
      <ModuleName>System.Diagnostics.TraceSource</ModuleName>
      <Classes />
    </Module>
    <Module skippedDueTo="Filter" hash="0B-FA-56-19-85-6A-C4-75-4C-10-0F-DC-F8-D1-5B-9B-CD-DC-C3-F6">
      <ModulePath>C:\Program Files\dotnet\shared\Microsoft.NETCore.App\2.1.0\System.Collections.Immutable.dll</ModulePath>
      <ModuleTime>2018-05-15T21:03:34Z</ModuleTime>
      <ModuleName>System.Collections.Immutable</ModuleName>
      <Classes />
    </Module>
    <Module skippedDueTo="Filter" hash="DC-EE-C1-38-F2-18-91-33-F1-C3-BD-36-22-CF-EB-CB-64-37-AA-32">
      <ModulePath>C:\Program Files\dotnet\shared\Microsoft.NETCore.App\2.1.0\System.Threading.Tasks.Parallel.dll</ModulePath>
      <ModuleTime>2018-05-15T21:03:38Z</ModuleTime>
      <ModuleName>System.Threading.Tasks.Parallel</ModuleName>
      <Classes />
    </Module>
    <Module skippedDueTo="MissingPdb" hash="8A-24-7E-36-DC-BB-93-15-20-2B-32-6B-08-66-22-C1-4D-10-12-59">
      <ModulePath>C:\Program Files\dotnet\sdk\2.1.300\Microsoft.Build.Utilities.Core.dll</ModulePath>
      <ModuleTime>2018-05-22T23:00:08Z</ModuleTime>
      <ModuleName>Microsoft.Build.Utilities.Core</ModuleName>
      <Classes />
    </Module>
    <Module skippedDueTo="Filter" hash="B1-C8-79-68-C3-E4-96-D6-C7-EB-75-26-AC-CE-24-90-57-2E-90-BA">
      <ModulePath>C:\Program Files\dotnet\shared\Microsoft.NETCore.App\2.1.0\System.Net.Primitives.dll</ModulePath>
      <ModuleTime>2018-05-15T21:03:36Z</ModuleTime>
      <ModuleName>System.Net.Primitives</ModuleName>
      <Classes />
    </Module>
    <Module skippedDueTo="Filter" hash="BB-70-F4-68-DD-92-B3-F6-FB-00-D6-D4-4C-56-CB-EF-A3-91-1B-0D">
      <ModulePath>C:\Program Files\dotnet\shared\Microsoft.NETCore.App\2.1.0\System.Reflection.Emit.ILGeneration.dll</ModulePath>
      <ModuleTime>2018-05-15T21:03:38Z</ModuleTime>
      <ModuleName>System.Reflection.Emit.ILGeneration</ModuleName>
      <Classes />
    </Module>
    <Module skippedDueTo="Filter" hash="38-CE-AE-5A-FB-25-CF-0E-7C-94-96-84-5F-7C-AD-3A-56-F4-A2-A4">
      <ModulePath>C:\Program Files\dotnet\shared\Microsoft.NETCore.App\2.1.0\System.Reflection.Emit.Lightweight.dll</ModulePath>
      <ModuleTime>2018-05-15T21:03:38Z</ModuleTime>
      <ModuleName>System.Reflection.Emit.Lightweight</ModuleName>
      <Classes />
    </Module>
    <Module skippedDueTo="Filter" hash="CC-EB-DD-C7-0A-85-19-06-8D-84-86-4E-4E-44-CF-17-AF-4A-84-68">
      <ModulePath>C:\Program Files\dotnet\shared\Microsoft.NETCore.App\2.1.0\System.Reflection.Primitives.dll</ModulePath>
      <ModuleTime>2018-05-15T21:03:38Z</ModuleTime>
      <ModuleName>System.Reflection.Primitives</ModuleName>
      <Classes />
    </Module>
    <Module skippedDueTo="Filter" hash="CB-12-65-F6-90-16-FC-23-6A-26-15-3E-1B-83-6E-7F-57-AF-33-D3">
      <ModulePath>C:\Program Files\dotnet\shared\Microsoft.NETCore.App\2.1.0\System.Runtime.Serialization.Formatters.dll</ModulePath>
      <ModuleTime>2018-05-15T21:03:38Z</ModuleTime>
      <ModuleName>System.Runtime.Serialization.Formatters</ModuleName>
      <Classes />
    </Module>
    <Module skippedDueTo="Filter" hash="CB-12-65-F6-90-16-FC-23-6A-26-15-3E-1B-83-6E-7F-57-AF-33-D3">
      <ModulePath>C:\Program Files\dotnet\shared\Microsoft.NETCore.App\2.1.0\System.Runtime.Serialization.Formatters.dll</ModulePath>
      <ModuleTime>2018-05-15T21:03:38Z</ModuleTime>
      <ModuleName>System.Runtime.Serialization.Formatters</ModuleName>
      <Classes />
    </Module>
    <Module skippedDueTo="MissingPdb" hash="FB-DC-55-48-ED-9E-8C-F4-0E-8F-50-C4-94-E6-C5-79-7F-EF-F6-51">
      <ModulePath>C:\Program Files\dotnet\sdk\2.1.300\Microsoft.Build.Tasks.Core.dll</ModulePath>
      <ModuleTime>2018-05-22T23:00:10Z</ModuleTime>
      <ModuleName>Microsoft.Build.Tasks.Core</ModuleName>
      <Classes />
    </Module>
    <Module skippedDueTo="Filter" hash="90-9A-ED-47-04-2B-8A-42-2C-26-2D-AC-58-1F-41-AA-7C-AB-DA-48">
      <ModulePath>C:\Program Files\dotnet\shared\Microsoft.NETCore.App\2.1.0\System.Threading.ThreadPool.dll</ModulePath>
      <ModuleTime>2018-05-15T21:03:38Z</ModuleTime>
      <ModuleName>System.Threading.ThreadPool</ModuleName>
      <Classes />
    </Module>
    <Module skippedDueTo="Filter" hash="67-F3-8D-FF-58-30-5E-3A-00-E2-F7-7A-6C-29-19-0F-81-5F-8A-FB">
      <ModulePath>C:\Program Files\dotnet\shared\Microsoft.NETCore.App\2.1.0\System.ComponentModel.dll</ModulePath>
      <ModuleTime>2018-05-15T21:03:34Z</ModuleTime>
      <ModuleName>System.ComponentModel</ModuleName>
      <Classes />
    </Module>
    <Module skippedDueTo="Filter" hash="40-85-75-1E-6D-24-67-1C-AF-4E-3B-D9-80-9C-3F-AB-6D-60-D4-C0">
      <ModulePath>C:\Program Files\dotnet\shared\Microsoft.NETCore.App\2.1.0\System.Runtime.Loader.dll</ModulePath>
      <ModuleTime>2018-05-15T21:03:38Z</ModuleTime>
      <ModuleName>System.Runtime.Loader</ModuleName>
      <Classes />
    </Module>
    <Module skippedDueTo="MissingPdb" hash="F6-7D-06-AB-0A-DD-57-07-A5-9F-0A-74-76-42-ED-D8-C9-54-86-8E">
      <ModulePath>C:\Program Files\dotnet\sdk\2.1.300\Sdks\Microsoft.NET.Sdk\targets\..\tools\netcoreapp2.0/Microsoft.NET.Build.Tasks.dll</ModulePath>
      <ModuleTime>2018-05-22T23:02:10Z</ModuleTime>
      <ModuleName>Microsoft.NET.Build.Tasks</ModuleName>
      <Classes />
    </Module>
    <Module skippedDueTo="MissingPdb" hash="45-E8-37-82-07-7C-14-A6-76-78-F5-22-C0-05-EC-D7-5D-4B-94-AA">
      <ModulePath>C:\Program Files\dotnet\sdk\2.1.300\NuGet.Build.Tasks.dll</ModulePath>
      <ModuleTime>2018-05-22T23:03:50Z</ModuleTime>
      <ModuleName>NuGet.Build.Tasks</ModuleName>
      <Classes />
    </Module>
    <Module skippedDueTo="MissingPdb" hash="76-2C-1F-A8-5E-1D-6D-0A-BF-30-D7-DF-D2-DD-CE-44-DC-89-D8-AD">
      <ModulePath>C:\Program Files\dotnet\sdk\2.1.300\NuGet.Commands.dll</ModulePath>
      <ModuleTime>2018-05-22T23:04:18Z</ModuleTime>
      <ModuleName>NuGet.Commands</ModuleName>
      <Classes />
    </Module>
    <Module skippedDueTo="MissingPdb" hash="2C-A4-74-D9-53-AC-74-18-35-67-84-A6-39-4E-8C-96-9E-71-6B-DD">
      <ModulePath>C:\Program Files\dotnet\sdk\2.1.300\NuGet.Common.dll</ModulePath>
      <ModuleTime>2018-05-22T23:03:32Z</ModuleTime>
      <ModuleName>NuGet.Common</ModuleName>
      <Classes />
    </Module>
    <Module skippedDueTo="MissingPdb" hash="23-3A-A4-7A-36-EC-A3-70-6E-B5-09-91-2C-F4-8E-8F-AA-2F-DE-A9">
      <ModulePath>C:\Program Files\dotnet\sdk\2.1.300\NuGet.Configuration.dll</ModulePath>
      <ModuleTime>2018-05-22T23:03:30Z</ModuleTime>
      <ModuleName>NuGet.Configuration</ModuleName>
      <Classes />
    </Module>
    <Module skippedDueTo="Filter" hash="C0-16-E9-9B-FF-FA-5B-79-E3-1C-03-FB-3D-CB-62-55-5D-54-B0-65">
      <ModulePath>C:\Program Files\dotnet\shared\Microsoft.NETCore.App\2.1.0\System.Collections.NonGeneric.dll</ModulePath>
      <ModuleTime>2018-05-15T21:03:34Z</ModuleTime>
      <ModuleName>System.Collections.NonGeneric</ModuleName>
      <Classes />
    </Module>
    <Module skippedDueTo="MissingPdb" hash="0F-17-E9-42-47-D4-6C-92-50-FA-03-31-93-DC-B9-61-95-E3-80-A2">
      <ModulePath>C:\Program Files\dotnet\shared\Microsoft.NETCore.App\2.1.0\Microsoft.Win32.Primitives.dll</ModulePath>
      <ModuleTime>2018-05-15T21:03:32Z</ModuleTime>
      <ModuleName>Microsoft.Win32.Primitives</ModuleName>
      <Classes />
    </Module>
    <Module skippedDueTo="Filter" hash="42-A9-56-1E-D9-D8-E5-61-4B-B5-2A-4C-CA-8E-A6-DE-FB-9F-B4-71">
      <ModulePath>C:\Program Files\dotnet\shared\Microsoft.NETCore.App\2.1.0\System.Globalization.dll</ModulePath>
      <ModuleTime>2018-05-15T21:03:34Z</ModuleTime>
      <ModuleName>System.Globalization</ModuleName>
      <Classes />
    </Module>
    <Module skippedDueTo="Filter" hash="93-AD-CD-25-C3-0E-A0-A6-7A-07-9E-D5-7A-CB-BF-3D-90-A1-F9-C5">
      <ModulePath>C:\Program Files\dotnet\shared\Microsoft.NETCore.App\2.1.0\System.IO.dll</ModulePath>
      <ModuleTime>2018-05-15T21:03:36Z</ModuleTime>
      <ModuleName>System.IO</ModuleName>
      <Classes />
    </Module>
    <Module skippedDueTo="Filter" hash="7B-69-F4-1E-A3-58-9E-D6-28-EB-77-F1-9D-13-F7-D8-20-E7-06-CC">
      <ModulePath>C:\Program Files\dotnet\shared\Microsoft.NETCore.App\2.1.0\System.Xml.XDocument.dll</ModulePath>
      <ModuleTime>2018-05-15T21:03:38Z</ModuleTime>
      <ModuleName>System.Xml.XDocument</ModuleName>
      <Classes />
    </Module>
    <Module skippedDueTo="Filter" hash="21-08-D5-0F-67-C7-B3-A5-F0-0B-F9-E9-57-C9-65-4E-BD-60-05-42">
      <ModulePath>C:\Program Files\dotnet\shared\Microsoft.NETCore.App\2.1.0\System.Private.Xml.Linq.dll</ModulePath>
      <ModuleTime>2018-05-15T21:03:36Z</ModuleTime>
      <ModuleName>System.Private.Xml.Linq</ModuleName>
      <Classes />
    </Module>
    <Module skippedDueTo="Filter" hash="96-1F-A5-9A-60-99-81-FC-8E-F0-9A-6E-0B-B0-7C-FD-63-B6-C5-CD">
      <ModulePath>C:\Program Files\dotnet\shared\Microsoft.NETCore.App\2.1.0\System.Security.Cryptography.Primitives.dll</ModulePath>
      <ModuleTime>2018-05-15T21:03:38Z</ModuleTime>
      <ModuleName>System.Security.Cryptography.Primitives</ModuleName>
      <Classes />
    </Module>
    <Module skippedDueTo="Filter" hash="6D-9D-C3-30-B6-80-47-63-E9-F9-98-B3-86-27-D0-F5-80-75-FE-62">
      <ModulePath>C:\Program Files\dotnet\shared\Microsoft.NETCore.App\2.1.0\System.Text.Encoding.dll</ModulePath>
      <ModuleTime>2018-05-15T21:03:38Z</ModuleTime>
      <ModuleName>System.Text.Encoding</ModuleName>
      <Classes />
    </Module>
    <Module skippedDueTo="Filter" hash="3C-1A-D1-7D-BD-42-C9-7D-FE-CD-90-2F-00-88-4C-15-52-1E-4E-0F">
      <ModulePath>C:\Program Files\dotnet\shared\Microsoft.NETCore.App\2.1.0\System.IO.FileSystem.Primitives.dll</ModulePath>
      <ModuleTime>2018-05-15T21:03:34Z</ModuleTime>
      <ModuleName>System.IO.FileSystem.Primitives</ModuleName>
      <Classes />
    </Module>
    <Module skippedDueTo="MissingPdb" hash="3E-25-59-81-49-B6-49-57-56-FF-D9-5C-4B-08-B7-27-B7-81-A7-8F">
      <ModulePath>C:\Program Files\dotnet\sdk\2.1.300\NuGet.ProjectModel.dll</ModulePath>
      <ModuleTime>2018-05-22T23:03:40Z</ModuleTime>
      <ModuleName>NuGet.ProjectModel</ModuleName>
      <Classes />
    </Module>
    <Module skippedDueTo="MissingPdb" hash="20-7F-00-FC-3F-E3-AB-6E-61-FC-BD-E1-3D-E4-4F-9D-FE-09-D7-CB">
      <ModulePath>C:\Program Files\dotnet\sdk\2.1.300\NuGet.Versioning.dll</ModulePath>
      <ModuleTime>2018-05-22T23:04:12Z</ModuleTime>
      <ModuleName>NuGet.Versioning</ModuleName>
      <Classes />
    </Module>
    <Module skippedDueTo="MissingPdb" hash="23-3A-A4-7A-36-EC-A3-70-6E-B5-09-91-2C-F4-8E-8F-AA-2F-DE-A9">
      <ModulePath>C:\Program Files\dotnet\sdk\2.1.300\NuGet.Configuration.dll</ModulePath>
      <ModuleTime>2018-05-22T23:03:30Z</ModuleTime>
      <ModuleName>NuGet.Configuration</ModuleName>
      <Classes />
    </Module>
    <Module skippedDueTo="Filter" hash="93-AD-CD-25-C3-0E-A0-A6-7A-07-9E-D5-7A-CB-BF-3D-90-A1-F9-C5">
      <ModulePath>C:\Program Files\dotnet\shared\Microsoft.NETCore.App\2.1.0\System.IO.dll</ModulePath>
      <ModuleTime>2018-05-15T21:03:36Z</ModuleTime>
      <ModuleName>System.IO</ModuleName>
      <Classes />
    </Module>
    <Module skippedDueTo="Filter" hash="6D-9D-C3-30-B6-80-47-63-E9-F9-98-B3-86-27-D0-F5-80-75-FE-62">
      <ModulePath>C:\Program Files\dotnet\shared\Microsoft.NETCore.App\2.1.0\System.Text.Encoding.dll</ModulePath>
      <ModuleTime>2018-05-15T21:03:38Z</ModuleTime>
      <ModuleName>System.Text.Encoding</ModuleName>
      <Classes />
    </Module>
    <Module skippedDueTo="MissingPdb" hash="3E-25-59-81-49-B6-49-57-56-FF-D9-5C-4B-08-B7-27-B7-81-A7-8F">
      <ModulePath>C:\Program Files\dotnet\sdk\2.1.300\NuGet.ProjectModel.dll</ModulePath>
      <ModuleTime>2018-05-22T23:03:40Z</ModuleTime>
      <ModuleName>NuGet.ProjectModel</ModuleName>
      <Classes />
    </Module>
    <Module skippedDueTo="MissingPdb" hash="20-7F-00-FC-3F-E3-AB-6E-61-FC-BD-E1-3D-E4-4F-9D-FE-09-D7-CB">
      <ModulePath>C:\Program Files\dotnet\sdk\2.1.300\NuGet.Versioning.dll</ModulePath>
      <ModuleTime>2018-05-22T23:04:12Z</ModuleTime>
      <ModuleName>NuGet.Versioning</ModuleName>
      <Classes />
    </Module>
    <Module skippedDueTo="MissingPdb" hash="F6-7D-06-AB-0A-DD-57-07-A5-9F-0A-74-76-42-ED-D8-C9-54-86-8E">
      <ModulePath>C:\Program Files\dotnet\sdk\2.1.300\Sdks\Microsoft.NET.Sdk\targets\..\tools\netcoreapp2.0/Microsoft.NET.Build.Tasks.dll</ModulePath>
      <ModuleTime>2018-05-22T23:02:10Z</ModuleTime>
      <ModuleName>Microsoft.NET.Build.Tasks</ModuleName>
      <Classes />
    </Module>
    <Module skippedDueTo="MissingPdb" hash="99-00-E7-0F-FA-F3-87-12-D8-F0-39-9C-2B-4D-3A-07-8B-AB-ED-89">
      <ModulePath>C:\Program Files\dotnet\sdk\2.1.300\NuGet.Protocol.dll</ModulePath>
      <ModuleTime>2018-05-22T23:03:52Z</ModuleTime>
      <ModuleName>NuGet.Protocol</ModuleName>
      <Classes />
    </Module>
[...]
                <BranchPoint vc="0" uspid="1183" ordinal="1" offset="25" sl="29" path="1" offsetend="32" fileid="102" />
                <BranchPoint vc="0" uspid="1184" ordinal="2" offset="54" sl="34" path="0" offsetend="56" fileid="102" />
                <BranchPoint vc="0" uspid="1185" ordinal="3" offset="54" sl="34" path="1" offsetend="78" fileid="102" />
              </BranchPoints>
              <MethodPoint vc="0" uspid="1186" ordinal="0" offset="0" />
            </Method>
            <Method visited="true" cyclomaticComplexity="1" nPathComplexity="0" sequenceCoverage="100" branchCoverage="100" isConstructor="true" isStatic="true" isGetter="false" isSetter="false">
              <Summary numSequencePoints="1" visitedSequencePoints="1" numBranchPoints="1" visitedBranchPoints="1" sequenceCoverage="100" branchCoverage="100" maxCyclomaticComplexity="1" minCyclomaticComplexity="1" visitedClasses="0" numClasses="0" visitedMethods="1" numMethods="1" />
              <MetadataToken>100663380</MetadataToken>
              <Name>System.Void NetUtils.MemoryCache.Utils.LazyUtils::.cctor()</Name>
              <FileRef uid="102" />
              <SequencePoints>
                <SequencePoint vc="1" uspid="1187" ordinal="0" offset="0" sl="8" sc="9" el="8" ec="77" bec="0" bev="0" fileid="102" />
              </SequencePoints>
              <BranchPoints />
              <MethodPoint xsi:type="SequencePoint" vc="1" uspid="1187" ordinal="0" offset="0" sl="8" sc="9" el="8" ec="77" bec="0" bev="0" fileid="102" />
            </Method>
          </Methods>
        </Class>
        <Class>
          <Summary numSequencePoints="2" visitedSequencePoints="0" numBranchPoints="2" visitedBranchPoints="0" sequenceCoverage="0" branchCoverage="0" maxCyclomaticComplexity="1" minCyclomaticComplexity="1" visitedClasses="0" numClasses="1" visitedMethods="0" numMethods="2" />
          <FullName>NetUtils.MemoryCache.Utils.LazyUtils/&lt;&gt;c__DisplayClass2_0`1</FullName>
          <Methods>
            <Method visited="false" cyclomaticComplexity="1" nPathComplexity="0" sequenceCoverage="0" branchCoverage="0" isConstructor="true" isStatic="false" isGetter="false" isSetter="false">
              <Summary numSequencePoints="0" visitedSequencePoints="0" numBranchPoints="0" visitedBranchPoints="0" sequenceCoverage="0" branchCoverage="0" maxCyclomaticComplexity="1" minCyclomaticComplexity="1" visitedClasses="0" numClasses="0" visitedMethods="0" numMethods="0" />
              <MetadataToken>100663408</MetadataToken>
              <Name>System.Void NetUtils.MemoryCache.Utils.LazyUtils/&lt;&gt;c__DisplayClass2_0`1::.ctor()</Name>
              <SequencePoints />
              <BranchPoints />
              <MethodPoint vc="0" uspid="1188" ordinal="0" offset="0" />
            </Method>
            <Method visited="false" cyclomaticComplexity="1" nPathComplexity="0" sequenceCoverage="0" branchCoverage="0" isConstructor="false" isStatic="false" isGetter="false" isSetter="false">
              <Summary numSequencePoints="1" visitedSequencePoints="0" numBranchPoints="1" visitedBranchPoints="0" sequenceCoverage="0" branchCoverage="0" maxCyclomaticComplexity="1" minCyclomaticComplexity="1" visitedClasses="0" numClasses="0" visitedMethods="0" numMethods="1" />
              <MetadataToken>100663409</MetadataToken>
              <Name>T NetUtils.MemoryCache.Utils.LazyUtils/&lt;&gt;c__DisplayClass2_0`1::&lt;ToLazy&gt;b__0()</Name>
              <FileRef uid="102" />
              <SequencePoints>
                <SequencePoint vc="0" uspid="1189" ordinal="0" offset="0" sl="36" sc="52" el="36" ec="112" bec="0" bev="0" fileid="102" />
              </SequencePoints>
              <BranchPoints />
              <MethodPoint xsi:type="SequencePoint" vc="0" uspid="1189" ordinal="0" offset="0" sl="36" sc="52" el="36" ec="112" bec="0" bev="0" fileid="102" />
            </Method>
            <Method visited="false" cyclomaticComplexity="1" nPathComplexity="0" sequenceCoverage="0" branchCoverage="0" isConstructor="false" isStatic="false" isGetter="false" isSetter="false">
              <Summary numSequencePoints="1" visitedSequencePoints="0" numBranchPoints="1" visitedBranchPoints="0" sequenceCoverage="0" branchCoverage="0" maxCyclomaticComplexity="1" minCyclomaticComplexity="1" visitedClasses="0" numClasses="0" visitedMethods="0" numMethods="1" />
              <MetadataToken>100663410</MetadataToken>
              <Name>T NetUtils.MemoryCache.Utils.LazyUtils/&lt;&gt;c__DisplayClass2_0`1::&lt;ToLazy&gt;b__1()</Name>
              <FileRef uid="102" />
              <SequencePoints>
                <SequencePoint vc="0" uspid="1190" ordinal="0" offset="0" sl="40" sc="42" el="40" ec="102" bec="0" bev="0" fileid="102" />
              </SequencePoints>
              <BranchPoints />
              <MethodPoint xsi:type="SequencePoint" vc="0" uspid="1190" ordinal="0" offset="0" sl="40" sc="42" el="40" ec="102" bec="0" bev="0" fileid="102" />
            </Method>
          </Methods>
        </Class>
        <Class>
          <Summary numSequencePoints="13" visitedSequencePoints="10" numBranchPoints="7" visitedBranchPoints="3" sequenceCoverage="76.92" branchCoverage="42.86" maxCyclomaticComplexity="2" minCyclomaticComplexity="1" visitedClasses="1" numClasses="1" visitedMethods="2" numMethods="5" />
          <FullName>NetUtils.MemoryCache.Utils.PerfMonitorScope</FullName>
          <Methods>
            <Method visited="false" cyclomaticComplexity="1" nPathComplexity="0" sequenceCoverage="0" branchCoverage="0" isConstructor="false" isStatic="false" isGetter="true" isSetter="false">
              <Summary numSequencePoints="1" visitedSequencePoints="0" numBranchPoints="1" visitedBranchPoints="0" sequenceCoverage="0" branchCoverage="0" maxCyclomaticComplexity="1" minCyclomaticComplexity="1" visitedClasses="0" numClasses="0" visitedMethods="0" numMethods="1" />
              <MetadataToken>100663385</MetadataToken>
              <Name>System.Int64 NetUtils.MemoryCache.Utils.PerfMonitorScope::get_ElapsedMilliseconds()</Name>
              <FileRef uid="104" />
              <SequencePoints>
                <SequencePoint vc="0" uspid="1191" ordinal="0" offset="0" sl="27" sc="44" el="27" ec="74" bec="0" bev="0" fileid="104" />
              </SequencePoints>
              <BranchPoints />
              <MethodPoint xsi:type="SequencePoint" vc="0" uspid="1191" ordinal="0" offset="0" sl="27" sc="44" el="27" ec="74" bec="0" bev="0" fileid="104" />
            </Method>
            <Method visited="false" cyclomaticComplexity="1" nPathComplexity="0" sequenceCoverage="0" branchCoverage="0" isConstructor="false" isStatic="false" isGetter="true" isSetter="false">
              <Summary numSequencePoints="1" visitedSequencePoints="0" numBranchPoints="1" visitedBranchPoints="0" sequenceCoverage="0" branchCoverage="0" maxCyclomaticComplexity="1" minCyclomaticComplexity="1" visitedClasses="0" numClasses="0" visitedMethods="0" numMethods="1" />
              <MetadataToken>100663386</MetadataToken>
              <Name>System.TimeSpan NetUtils.MemoryCache.Utils.PerfMonitorScope::get_Elapsed()</Name>
              <FileRef uid="104" />
              <SequencePoints>
                <SequencePoint vc="0" uspid="1192" ordinal="0" offset="0" sl="29" sc="36" el="29" ec="54" bec="0" bev="0" fileid="104" />
              </SequencePoints>
              <BranchPoints />
              <MethodPoint xsi:type="SequencePoint" vc="0" uspid="1192" ordinal="0" offset="0" sl="29" sc="36" el="29" ec="54" bec="0" bev="0" fileid="104" />
            </Method>
            <Method visited="false" cyclomaticComplexity="1" nPathComplexity="0" sequenceCoverage="0" branchCoverage="0" isConstructor="false" isStatic="false" isGetter="true" isSetter="false">
              <Summary numSequencePoints="1" visitedSequencePoints="0" numBranchPoints="1" visitedBranchPoints="0" sequenceCoverage="0" branchCoverage="0" maxCyclomaticComplexity="1" minCyclomaticComplexity="1" visitedClasses="0" numClasses="0" visitedMethods="0" numMethods="1" />
              <MetadataToken>100663387</MetadataToken>
              <Name>System.DateTimeOffset NetUtils.MemoryCache.Utils.PerfMonitorScope::get_StartTime()</Name>
              <FileRef uid="104" />
              <SequencePoints>
                <SequencePoint vc="0" uspid="1193" ordinal="0" offset="0" sl="31" sc="43" el="31" ec="47" bec="0" bev="0" fileid="104" />
              </SequencePoints>
              <BranchPoints />
              <MethodPoint xsi:type="SequencePoint" vc="0" uspid="1193" ordinal="0" offset="0" sl="31" sc="43" el="31" ec="47" bec="0" bev="0" fileid="104" />
            </Method>
            <Method visited="true" cyclomaticComplexity="1" nPathComplexity="0" sequenceCoverage="100" branchCoverage="100" isConstructor="true" isStatic="false" isGetter="false" isSetter="false">
              <Summary numSequencePoints="6" visitedSequencePoints="6" numBranchPoints="1" visitedBranchPoints="1" sequenceCoverage="100" branchCoverage="100" maxCyclomaticComplexity="1" minCyclomaticComplexity="1" visitedClasses="0" numClasses="0" visitedMethods="1" numMethods="1" />
              <MetadataToken>100663384</MetadataToken>
              <Name>System.Void NetUtils.MemoryCache.Utils.PerfMonitorScope::.ctor(System.Action`1&lt;System.Diagnostics.Stopwatch&gt;)</Name>
              <FileRef uid="104" />
              <SequencePoints>
                <SequencePoint vc="33" uspid="1194" ordinal="0" offset="0" sl="20" sc="9" el="20" ec="65" bec="0" bev="0" fileid="104" />
                <SequencePoint vc="33" uspid="1195" ordinal="1" offset="7" sl="21" sc="9" el="21" ec="10" bec="0" bev="0" fileid="104" />
                <SequencePoint vc="33" uspid="1196" ordinal="2" offset="8" sl="22" sc="13" el="22" ec="44" bec="0" bev="0" fileid="104" />
                <SequencePoint vc="33" uspid="1197" ordinal="3" offset="19" sl="23" sc="13" el="23" ec="47" bec="0" bev="0" fileid="104" />
                <SequencePoint vc="33" uspid="1198" ordinal="4" offset="30" sl="24" sc="13" el="24" ec="30" bec="0" bev="0" fileid="104" />
                <SequencePoint vc="33" uspid="1199" ordinal="5" offset="37" sl="25" sc="9" el="25" ec="10" bec="0" bev="0" fileid="104" />
              </SequencePoints>
              <BranchPoints />
              <MethodPoint xsi:type="SequencePoint" vc="33" uspid="1194" ordinal="0" offset="0" sl="20" sc="9" el="20" ec="65" bec="0" bev="0" fileid="104" />
            </Method>
            <Method visited="true" cyclomaticComplexity="2" nPathComplexity="2" sequenceCoverage="100" branchCoverage="66.67" isConstructor="false" isStatic="false" isGetter="false" isSetter="false">
              <Summary numSequencePoints="4" visitedSequencePoints="4" numBranchPoints="3" visitedBranchPoints="2" sequenceCoverage="100" branchCoverage="66.67" maxCyclomaticComplexity="2" minCyclomaticComplexity="2" visitedClasses="0" numClasses="0" visitedMethods="1" numMethods="1" />
              <MetadataToken>100663388</MetadataToken>
              <Name>System.Void NetUtils.MemoryCache.Utils.PerfMonitorScope::DisposeResources()</Name>
              <FileRef uid="104" />
              <SequencePoints>
                <SequencePoint vc="33" uspid="1200" ordinal="0" offset="0" sl="34" sc="9" el="34" ec="10" bec="0" bev="0" fileid="104" />
                <SequencePoint vc="33" uspid="1201" ordinal="1" offset="1" sl="35" sc="13" el="35" ec="31" bec="0" bev="0" fileid="104" />
                <SequencePoint vc="33" uspid="1202" ordinal="2" offset="13" sl="36" sc="13" el="36" ec="41" bec="2" bev="1" fileid="104" />
                <SequencePoint vc="33" uspid="1203" ordinal="3" offset="37" sl="37" sc="9" el="37" ec="10" bec="0" bev="0" fileid="104" />
              </SequencePoints>
              <BranchPoints>
                <BranchPoint vc="0" uspid="1204" ordinal="0" offset="20" sl="36" path="0" offsetend="22" fileid="104" />
                <BranchPoint vc="33" uspid="1205" ordinal="1" offset="20" sl="36" path="1" offsetend="25" fileid="104" />
              </BranchPoints>
              <MethodPoint xsi:type="SequencePoint" vc="33" uspid="1200" ordinal="0" offset="0" sl="34" sc="9" el="34" ec="10" bec="0" bev="0" fileid="104" />
            </Method>
          </Methods>
        </Class>
        <Class>
          <Summary numSequencePoints="7" visitedSequencePoints="7" numBranchPoints="3" visitedBranchPoints="3" sequenceCoverage="100" branchCoverage="100" maxCyclomaticComplexity="2" minCyclomaticComplexity="2" visitedClasses="1" numClasses="1" visitedMethods="1" numMethods="1" />
          <FullName>NetUtils.MemoryCache.Utils.RandomUtil</FullName>
          <Methods>
            <Method visited="true" cyclomaticComplexity="2" nPathComplexity="2" sequenceCoverage="100" branchCoverage="100" isConstructor="false" isStatic="true" isGetter="true" isSetter="false">
              <Summary numSequencePoints="7" visitedSequencePoints="7" numBranchPoints="3" visitedBranchPoints="3" sequenceCoverage="100" branchCoverage="100" maxCyclomaticComplexity="2" minCyclomaticComplexity="2" visitedClasses="0" numClasses="0" visitedMethods="1" numMethods="1" />
              <MetadataToken>100663389</MetadataToken>
              <Name>System.Random NetUtils.MemoryCache.Utils.RandomUtil::get_Random()</Name>
              <FileRef uid="105" />
              <SequencePoints>
                <SequencePoint vc="28" uspid="1206" ordinal="0" offset="0" sl="12" sc="13" el="12" ec="14" bec="0" bev="0" fileid="105" />
                <SequencePoint vc="28" uspid="1207" ordinal="1" offset="1" sl="13" sc="17" el="13" ec="37" bec="2" bev="2" fileid="105" />
                <SequencePoint vc="16" uspid="1208" ordinal="2" offset="13" sl="14" sc="17" el="14" ec="18" bec="0" bev="0" fileid="105" />
                <SequencePoint vc="16" uspid="1209" ordinal="3" offset="14" sl="15" sc="21" el="15" ec="72" bec="0" bev="0" fileid="105" />
                <SequencePoint vc="16" uspid="1210" ordinal="4" offset="43" sl="16" sc="17" el="16" ec="18" bec="0" bev="0" fileid="105" />
                <SequencePoint vc="28" uspid="1211" ordinal="5" offset="44" sl="17" sc="17" el="17" ec="32" bec="0" bev="0" fileid="105" />
                <SequencePoint vc="28" uspid="1212" ordinal="6" offset="52" sl="18" sc="13" el="18" ec="14" bec="0" bev="0" fileid="105" />
              </SequencePoints>
              <BranchPoints>
                <BranchPoint vc="16" uspid="1213" ordinal="0" offset="11" sl="13" path="0" offsetend="13" fileid="105" />
                <BranchPoint vc="12" uspid="1214" ordinal="1" offset="11" sl="13" path="1" offsetend="44" fileid="105" />
              </BranchPoints>
              <MethodPoint xsi:type="SequencePoint" vc="28" uspid="1206" ordinal="0" offset="0" sl="12" sc="13" el="12" ec="14" bec="0" bev="0" fileid="105" />
            </Method>
          </Methods>
        </Class>
      </Classes>
    </Module>
    <Module skippedDueTo="Filter" hash="49-CA-DC-14-20-AE-33-DE-95-D2-0D-69-DB-98-CF-97-33-60-AD-B6">
      <ModulePath>C:\Windows\Microsoft.Net\assembly\GAC_MSIL\System.ValueTuple\v4.0_4.0.0.0__cc7b13ffcd2ddd51\System.ValueTuple.dll</ModulePath>
      <ModuleTime>2017-11-07T01:33:23.6048957Z</ModuleTime>
      <ModuleName>System.ValueTuple</ModuleName>
      <Classes />
    </Module>
    <Module skippedDueTo="Filter" hash="72-0F-DC-27-2C-A7-6C-6C-15-7F-68-81-20-4E-A8-75-A3-26-BE-82">
      <ModulePath>C:\Windows\Microsoft.Net\assembly\GAC_MSIL\System.Net.Http\v4.0_4.0.0.0__b03f5f7f11d50a3a\System.Net.Http.dll</ModulePath>
      <ModuleTime>2018-02-02T21:11:26Z</ModuleTime>
      <ModuleName>System.Net.Http</ModuleName>
      <Classes />
    </Module>
    <Module skippedDueTo="Filter" hash="58-2A-4C-0C-25-69-3C-E5-E8-8F-0E-35-DB-19-D0-78-0E-D1-10-FA">
      <ModulePath>C:\Windows\Microsoft.Net\assembly\GAC_MSIL\System.Xml\v4.0_4.0.0.0__b77a5c561934e089\System.Xml.dll</ModulePath>
      <ModuleTime>2017-11-22T20:59:08Z</ModuleTime>
      <ModuleName>System.Xml</ModuleName>
      <Classes />
    </Module>
    <Module skippedDueTo="MissingPdb" hash="F4-A2-17-D2-DD-E7-68-D3-AF-B0-D1-90-F3-BE-0C-83-B7-B1-15-63">
      <ModulePath>D:\Enlistment\git\NetUtils.MemoryCache\test\NetUtils.MemoryCache.Tests\bin\Debug\net462\FluentAssertions.dll</ModulePath>
      <ModuleTime>2018-05-30T14:59:00Z</ModuleTime>
      <ModuleName>FluentAssertions</ModuleName>
      <Classes />
    </Module>
    <Module skippedDueTo="Filter" hash="36-90-87-48-D3-07-71-2D-B3-BF-60-71-4E-1B-2B-3A-D5-07-B5-38">
      <ModulePath>C:\Program Files\dotnet\shared\Microsoft.NETCore.App\2.1.0\System.ComponentModel.TypeConverter.dll</ModulePath>
      <ModuleTime>2018-05-15T21:03:34Z</ModuleTime>
      <ModuleName>System.ComponentModel.TypeConverter</ModuleName>
      <Classes />
    </Module>
    <Module skippedDueTo="Filter" hash="67-F3-8D-FF-58-30-5E-3A-00-E2-F7-7A-6C-29-19-0F-81-5F-8A-FB">
      <ModulePath>C:\Program Files\dotnet\shared\Microsoft.NETCore.App\2.1.0\System.ComponentModel.dll</ModulePath>
      <ModuleTime>2018-05-15T21:03:34Z</ModuleTime>
      <ModuleName>System.ComponentModel</ModuleName>
      <Classes />
    </Module>
    <Module skippedDueTo="Filter" hash="A2-2B-54-37-17-00-1E-EF-79-AE-A3-33-ED-63-E0-49-8A-A8-BA-8F">
      <ModulePath>C:\Program Files\dotnet\shared\Microsoft.NETCore.App\2.1.0\System.Runtime.Serialization.Json.dll</ModulePath>
      <ModuleTime>2018-05-15T21:03:38Z</ModuleTime>
      <ModuleName>System.Runtime.Serialization.Json</ModuleName>
      <Classes />
    </Module>
    <Module skippedDueTo="Filter" hash="30-5E-25-3B-49-95-17-0A-17-F8-FC-10-EE-09-B9-09-D2-96-7E-BC">
      <ModulePath>C:\Program Files\dotnet\shared\Microsoft.NETCore.App\2.1.0\System.Private.DataContractSerialization.dll</ModulePath>
      <ModuleTime>2018-05-15T21:03:36Z</ModuleTime>
      <ModuleName>System.Private.DataContractSerialization</ModuleName>
      <Classes />
    </Module>
    <Module skippedDueTo="Filter" hash="BB-70-F4-68-DD-92-B3-F6-FB-00-D6-D4-4C-56-CB-EF-A3-91-1B-0D">
      <ModulePath>C:\Program Files\dotnet\shared\Microsoft.NETCore.App\2.1.0\System.Reflection.Emit.ILGeneration.dll</ModulePath>
      <ModuleTime>2018-05-15T21:03:38Z</ModuleTime>
      <ModuleName>System.Reflection.Emit.ILGeneration</ModuleName>
      <Classes />
    </Module>
    <Module skippedDueTo="Filter" hash="38-CE-AE-5A-FB-25-CF-0E-7C-94-96-84-5F-7C-AD-3A-56-F4-A2-A4">
      <ModulePath>C:\Program Files\dotnet\shared\Microsoft.NETCore.App\2.1.0\System.Reflection.Emit.Lightweight.dll</ModulePath>
      <ModuleTime>2018-05-15T21:03:38Z</ModuleTime>
      <ModuleName>System.Reflection.Emit.Lightweight</ModuleName>
      <Classes />
    </Module>
    <Module skippedDueTo="Filter" hash="CC-EB-DD-C7-0A-85-19-06-8D-84-86-4E-4E-44-CF-17-AF-4A-84-68">
      <ModulePath>C:\Program Files\dotnet\shared\Microsoft.NETCore.App\2.1.0\System.Reflection.Primitives.dll</ModulePath>
      <ModuleTime>2018-05-15T21:03:38Z</ModuleTime>
      <ModuleName>System.Reflection.Primitives</ModuleName>
      <Classes />
    </Module>
    <Module skippedDueTo="Filter" hash="CB-12-65-F6-90-16-FC-23-6A-26-15-3E-1B-83-6E-7F-57-AF-33-D3">
      <ModulePath>C:\Program Files\dotnet\shared\Microsoft.NETCore.App\2.1.0\System.Runtime.Serialization.Formatters.dll</ModulePath>
      <ModuleTime>2018-05-15T21:03:38Z</ModuleTime>
      <ModuleName>System.Runtime.Serialization.Formatters</ModuleName>
      <Classes />
    </Module>
    <Module skippedDueTo="Filter" hash="81-DE-41-E4-CF-35-79-0F-0A-D0-B6-43-FC-EB-6A-47-5F-D8-69-04">
      <ModulePath>C:\Windows\Microsoft.Net\assembly\GAC_MSIL\System.Configuration\v4.0_4.0.0.0__b03f5f7f11d50a3a\System.Configuration.dll</ModulePath>
      <ModuleTime>2017-11-07T01:33:22.0169058Z</ModuleTime>
      <ModuleName>System.Configuration</ModuleName>
      <Classes />
    </Module>
  </Modules>
</CoverageSession>